31-May-2016 10:25:55.206 INFO [main] org.apache.catalina.startup.VersionLoggerListener.log Server version:        Apache Tomcat/8.0.33
31-May-2016 10:25:55.206 INFO [main] org.apache.catalina.startup.VersionLoggerListener.log Server built:          Mar 18 2016 20:31:49 UTC
31-May-2016 10:25:55.206 INFO [main] org.apache.catalina.startup.VersionLoggerListener.log Server number:         8.0.33.0
31-May-2016 10:25:55.206 INFO [main] org.apache.catalina.startup.VersionLoggerListener.log OS Name:               Windows 8.1
31-May-2016 10:25:55.206 INFO [main] org.apache.catalina.startup.VersionLoggerListener.log OS Version:            6.3
31-May-2016 10:25:55.206 INFO [main] org.apache.catalina.startup.VersionLoggerListener.log Architecture:          amd64
31-May-2016 10:25:55.206 INFO [main] org.apache.catalina.startup.VersionLoggerListener.log Java Home:             c:\java\jdk\jre
31-May-2016 10:25:55.206 INFO [main] org.apache.catalina.startup.VersionLoggerListener.log JVM Version:           1.8.0_60-b27
31-May-2016 10:25:55.206 INFO [main] org.apache.catalina.startup.VersionLoggerListener.log JVM Vendor:            Oracle Corporation
31-May-2016 10:25:55.206 INFO [main] org.apache.catalina.startup.VersionLoggerListener.log CATALINA_BASE:         D:\tomcat
31-May-2016 10:25:55.206 INFO [main] org.apache.catalina.startup.VersionLoggerListener.log CATALINA_HOME:         D:\tomcat
31-May-2016 10:25:55.206 INFO [main] org.apache.catalina.startup.VersionLoggerListener.log Command line argument: -Djava.util.logging.config.file=D:\tomcat\conf\logging.properties
31-May-2016 10:25:55.206 INFO [main] org.apache.catalina.startup.VersionLoggerListener.log Command line argument: -Djava.util.logging.manager=org.apache.juli.ClassLoaderLogManager
31-May-2016 10:25:55.206 INFO [main] org.apache.catalina.startup.VersionLoggerListener.log Command line argument: -Djava.endorsed.dirs=D:\tomcat\endorsed
31-May-2016 10:25:55.206 INFO [main] org.apache.catalina.startup.VersionLoggerListener.log Command line argument: -Dcatalina.base=D:\tomcat
31-May-2016 10:25:55.206 INFO [main] org.apache.catalina.startup.VersionLoggerListener.log Command line argument: -Dcatalina.home=D:\tomcat
31-May-2016 10:25:55.206 INFO [main] org.apache.catalina.startup.VersionLoggerListener.log Command line argument: -Djava.io.tmpdir=D:\tomcat\temp
31-May-2016 10:25:55.206 INFO [main] org.apache.catalina.core.AprLifecycleListener.lifecycleEvent Loaded APR based Apache Tomcat Native library 1.2.5 using APR version 1.5.1.
31-May-2016 10:25:55.206 INFO [main] org.apache.catalina.core.AprLifecycleListener.lifecycleEvent APR capabilities: IPv6 [true], sendfile [true], accept filters [false], random [true].
31-May-2016 10:25:55.737 INFO [main] org.apache.catalina.core.AprLifecycleListener.initializeSSL OpenSSL successfully initialized (OpenSSL 1.0.2g  1 Mar 2016)
31-May-2016 10:25:56.258 INFO [main] org.apache.coyote.AbstractProtocol.init Initializing ProtocolHandler ["http-apr-8080"]
31-May-2016 10:25:56.267 INFO [main] org.apache.coyote.AbstractProtocol.init Initializing ProtocolHandler ["ajp-apr-8009"]
31-May-2016 10:25:56.269 INFO [main] org.apache.catalina.startup.Catalina.load Initialization processed in 1978 ms
31-May-2016 10:25:56.503 INFO [main] org.apache.catalina.core.StandardService.startInternal Starting service Catalina
31-May-2016 10:25:56.503 INFO [main] org.apache.catalina.core.StandardEngine.startInternal Starting Servlet Engine: Apache Tomcat/8.0.33
31-May-2016 10:25:56.628 INFO [localhost-startStop-1] org.apache.catalina.startup.HostConfig.deployDirectory Deploying web application directory D:\tomcat\webapps\axis
31-May-2016 10:25:57.379 INFO [localhost-startStop-1] org.apache.jasper.servlet.TldScanner.scanJars At least one JAR was scanned for TLDs yet contained no TLDs. Enable debug logging for this logger for a complete list of JARs that were scanned but no TLDs were found in them. Skipping unneeded JARs during scanning can improve startup time and JSP compilation time.
31-May-2016 10:25:57.973 INFO [localhost-startStop-1] org.apache.catalina.startup.HostConfig.deployDirectory Deployment of web application directory D:\tomcat\webapps\axis has finished in 1,345 ms
31-May-2016 10:25:57.973 INFO [localhost-startStop-1] org.apache.catalina.startup.HostConfig.deployDirectory Deploying web application directory D:\tomcat\webapps\docs
31-May-2016 10:25:58.005 INFO [localhost-startStop-1] org.apache.catalina.startup.HostConfig.deployDirectory Deployment of web application directory D:\tomcat\webapps\docs has finished in 32 ms
31-May-2016 10:25:58.005 INFO [localhost-startStop-1] org.apache.catalina.startup.HostConfig.deployDirectory Deploying web application directory D:\tomcat\webapps\examples
31-May-2016 10:25:58.258 INFO [localhost-startStop-1] org.apache.catalina.startup.HostConfig.deployDirectory Deployment of web application directory D:\tomcat\webapps\examples has finished in 253 ms
31-May-2016 10:25:58.258 INFO [localhost-startStop-1] org.apache.catalina.startup.HostConfig.deployDirectory Deploying web application directory D:\tomcat\webapps\host-manager
31-May-2016 10:25:58.290 INFO [localhost-startStop-1] org.apache.catalina.startup.HostConfig.deployDirectory Deployment of web application directory D:\tomcat\webapps\host-manager has finished in 32 ms
31-May-2016 10:25:58.290 INFO [localhost-startStop-1] org.apache.catalina.startup.HostConfig.deployDirectory Deploying web application directory D:\tomcat\webapps\manager
31-May-2016 10:25:58.321 INFO [localhost-startStop-1] org.apache.catalina.startup.HostConfig.deployDirectory Deployment of web application directory D:\tomcat\webapps\manager has finished in 31 ms
31-May-2016 10:25:58.321 INFO [localhost-startStop-1] org.apache.catalina.startup.HostConfig.deployDirectory Deploying web application directory D:\tomcat\webapps\ROOT
31-May-2016 10:25:58.337 INFO [localhost-startStop-1] org.apache.catalina.startup.HostConfig.deployDirectory Deployment of web application directory D:\tomcat\webapps\ROOT has finished in 16 ms
31-May-2016 10:25:58.337 INFO [localhost-startStop-1] org.apache.catalina.startup.HostConfig.deployDirectory Deploying web application directory D:\tomcat\webapps\xml
31-May-2016 10:25:58.352 INFO [localhost-startStop-1] org.apache.catalina.startup.HostConfig.deployDirectory Deployment of web application directory D:\tomcat\webapps\xml has finished in 15 ms
31-May-2016 10:25:58.375 INFO [main] org.apache.coyote.AbstractProtocol.start Starting ProtocolHandler ["http-apr-8080"]
31-May-2016 10:25:58.515 INFO [main] org.apache.coyote.AbstractProtocol.start Starting ProtocolHandler ["ajp-apr-8009"]
31-May-2016 10:25:58.640 INFO [main] org.apache.catalina.startup.Catalina.start Server startup in 2372 ms
31-May-2016 10:28:29.923 INFO [main] org.apache.catalina.startup.VersionLoggerListener.log Server version:        Apache Tomcat/8.0.33
31-May-2016 10:28:29.923 INFO [main] org.apache.catalina.startup.VersionLoggerListener.log Server built:          Mar 18 2016 20:31:49 UTC
31-May-2016 10:28:29.923 INFO [main] org.apache.catalina.startup.VersionLoggerListener.log Server number:         8.0.33.0
31-May-2016 10:28:29.923 INFO [main] org.apache.catalina.startup.VersionLoggerListener.log OS Name:               Windows 8.1
31-May-2016 10:28:29.923 INFO [main] org.apache.catalina.startup.VersionLoggerListener.log OS Version:            6.3
31-May-2016 10:28:29.923 INFO [main] org.apache.catalina.startup.VersionLoggerListener.log Architecture:          amd64
31-May-2016 10:28:29.923 INFO [main] org.apache.catalina.startup.VersionLoggerListener.log Java Home:             c:\java\jdk\jre
31-May-2016 10:28:29.923 INFO [main] org.apache.catalina.startup.VersionLoggerListener.log JVM Version:           1.8.0_60-b27
31-May-2016 10:28:29.923 INFO [main] org.apache.catalina.startup.VersionLoggerListener.log JVM Vendor:            Oracle Corporation
31-May-2016 10:28:29.923 INFO [main] org.apache.catalina.startup.VersionLoggerListener.log CATALINA_BASE:         D:\tomcat
31-May-2016 10:28:29.923 INFO [main] org.apache.catalina.startup.VersionLoggerListener.log CATALINA_HOME:         D:\tomcat
31-May-2016 10:28:29.923 INFO [main] org.apache.catalina.startup.VersionLoggerListener.log Command line argument: -Djava.util.logging.config.file=D:\tomcat\conf\logging.properties
31-May-2016 10:28:29.923 INFO [main] org.apache.catalina.startup.VersionLoggerListener.log Command line argument: -Djava.util.logging.manager=org.apache.juli.ClassLoaderLogManager
31-May-2016 10:28:29.923 INFO [main] org.apache.catalina.startup.VersionLoggerListener.log Command line argument: -Djava.endorsed.dirs=D:\tomcat\endorsed
31-May-2016 10:28:29.923 INFO [main] org.apache.catalina.startup.VersionLoggerListener.log Command line argument: -Dcatalina.base=D:\tomcat
31-May-2016 10:28:29.923 INFO [main] org.apache.catalina.startup.VersionLoggerListener.log Command line argument: -Dcatalina.home=D:\tomcat
31-May-2016 10:28:29.923 INFO [main] org.apache.catalina.startup.VersionLoggerListener.log Command line argument: -Djava.io.tmpdir=D:\tomcat\temp
31-May-2016 10:28:29.923 INFO [main] org.apache.catalina.core.AprLifecycleListener.lifecycleEvent Loaded APR based Apache Tomcat Native library 1.2.5 using APR version 1.5.1.
31-May-2016 10:28:29.923 INFO [main] org.apache.catalina.core.AprLifecycleListener.lifecycleEvent APR capabilities: IPv6 [true], sendfile [true], accept filters [false], random [true].
31-May-2016 10:28:30.355 INFO [main] org.apache.catalina.core.AprLifecycleListener.initializeSSL OpenSSL successfully initialized (OpenSSL 1.0.2g  1 Mar 2016)
31-May-2016 10:28:30.433 INFO [main] org.apache.coyote.AbstractProtocol.init Initializing ProtocolHandler ["http-apr-8080"]
31-May-2016 10:28:30.433 SEVERE [main] org.apache.coyote.AbstractProtocol.init Failed to initialize end point associated with ProtocolHandler ["http-apr-8080"]
 java.lang.Exception: Socket bind failed: [730048] ?@???u¡Â??£V@??q¢XT???¡±} (?q¢XT??
	at org.apache.tomcat.util.net.AprEndpoint.bind(AprEndpoint.java:471)
	at org.apache.tomcat.util.net.AbstractEndpoint.init(AbstractEndpoint.java:750)
	at org.apache.coyote.AbstractProtocol.init(AbstractProtocol.java:458)
	at org.apache.catalina.connector.Connector.initInternal(Connector.java:960)
	at org.apache.catalina.util.LifecycleBase.init(LifecycleBase.java:102)
	at org.apache.catalina.core.StandardService.initInternal(StandardService.java:568)
	at org.apache.catalina.util.LifecycleBase.init(LifecycleBase.java:102)
	at org.apache.catalina.core.StandardServer.initInternal(StandardServer.java:869)
	at org.apache.catalina.util.LifecycleBase.init(LifecycleBase.java:102)
	at org.apache.catalina.startup.Catalina.load(Catalina.java:580)
	at org.apache.catalina.startup.Catalina.load(Catalina.java:603)
	at sun.reflect.NativeMethodAccessorImpl.invoke0(Native Method)
	at sun.reflect.NativeMethodAccessorImpl.invoke(NativeMethodAccessorImpl.java:62)
	at sun.reflect.DelegatingMethodAccessorImpl.invoke(DelegatingMethodAccessorImpl.java:43)
	at java.lang.reflect.Method.invoke(Method.java:497)
	at org.apache.catalina.startup.Bootstrap.load(Bootstrap.java:310)
	at org.apache.catalina.startup.Bootstrap.main(Bootstrap.java:484)

31-May-2016 10:28:30.589 SEVERE [main] org.apache.catalina.core.StandardService.initInternal Failed to initialize connector [Connector[HTTP/1.1-8080]]
 org.apache.catalina.LifecycleException: Failed to initialize component [Connector[HTTP/1.1-8080]]
	at org.apache.catalina.util.LifecycleBase.init(LifecycleBase.java:106)
	at org.apache.catalina.core.StandardService.initInternal(StandardService.java:568)
	at org.apache.catalina.util.LifecycleBase.init(LifecycleBase.java:102)
	at org.apache.catalina.core.StandardServer.initInternal(StandardServer.java:869)
	at org.apache.catalina.util.LifecycleBase.init(LifecycleBase.java:102)
	at org.apache.catalina.startup.Catalina.load(Catalina.java:580)
	at org.apache.catalina.startup.Catalina.load(Catalina.java:603)
	at sun.reflect.NativeMethodAccessorImpl.invoke0(Native Method)
	at sun.reflect.NativeMethodAccessorImpl.invoke(NativeMethodAccessorImpl.java:62)
	at sun.reflect.DelegatingMethodAccessorImpl.invoke(DelegatingMethodAccessorImpl.java:43)
	at java.lang.reflect.Method.invoke(Method.java:497)
	at org.apache.catalina.startup.Bootstrap.load(Bootstrap.java:310)
	at org.apache.catalina.startup.Bootstrap.main(Bootstrap.java:484)
Caused by: org.apache.catalina.LifecycleException: Protocol handler initialization failed
	at org.apache.catalina.connector.Connector.initInternal(Connector.java:962)
	at org.apache.catalina.util.LifecycleBase.init(LifecycleBase.java:102)
	... 12 more
Caused by: java.lang.Exception: Socket bind failed: [730048] ?@???u¡Â??£V@??q¢XT???¡±} (?q¢XT??
	at org.apache.tomcat.util.net.AprEndpoint.bind(AprEndpoint.java:471)
	at org.apache.tomcat.util.net.AbstractEndpoint.init(AbstractEndpoint.java:750)
	at org.apache.coyote.AbstractProtocol.init(AbstractProtocol.java:458)
	at org.apache.catalina.connector.Connector.initInternal(Connector.java:960)
	... 13 more

31-May-2016 10:28:30.605 INFO [main] org.apache.coyote.AbstractProtocol.init Initializing ProtocolHandler ["ajp-apr-8009"]
31-May-2016 10:28:30.605 SEVERE [main] org.apache.coyote.AbstractProtocol.init Failed to initialize end point associated with ProtocolHandler ["ajp-apr-8009"]
 java.lang.Exception: Socket bind failed: [730048] ?@???u¡Â??£V@??q¢XT???¡±} (?q¢XT??
	at org.apache.tomcat.util.net.AprEndpoint.bind(AprEndpoint.java:471)
	at org.apache.tomcat.util.net.AbstractEndpoint.init(AbstractEndpoint.java:750)
	at org.apache.coyote.AbstractProtocol.init(AbstractProtocol.java:458)
	at org.apache.catalina.connector.Connector.initInternal(Connector.java:960)
	at org.apache.catalina.util.LifecycleBase.init(LifecycleBase.java:102)
	at org.apache.catalina.core.StandardService.initInternal(StandardService.java:568)
	at org.apache.catalina.util.LifecycleBase.init(LifecycleBase.java:102)
	at org.apache.catalina.core.StandardServer.initInternal(StandardServer.java:869)
	at org.apache.catalina.util.LifecycleBase.init(LifecycleBase.java:102)
	at org.apache.catalina.startup.Catalina.load(Catalina.java:580)
	at org.apache.catalina.startup.Catalina.load(Catalina.java:603)
	at sun.reflect.NativeMethodAccessorImpl.invoke0(Native Method)
	at sun.reflect.NativeMethodAccessorImpl.invoke(NativeMethodAccessorImpl.java:62)
	at sun.reflect.DelegatingMethodAccessorImpl.invoke(DelegatingMethodAccessorImpl.java:43)
	at java.lang.reflect.Method.invoke(Method.java:497)
	at org.apache.catalina.startup.Bootstrap.load(Bootstrap.java:310)
	at org.apache.catalina.startup.Bootstrap.main(Bootstrap.java:484)

31-May-2016 10:28:30.620 SEVERE [main] org.apache.catalina.core.StandardService.initInternal Failed to initialize connector [Connector[AJP/1.3-8009]]
 org.apache.catalina.LifecycleException: Failed to initialize component [Connector[AJP/1.3-8009]]
	at org.apache.catalina.util.LifecycleBase.init(LifecycleBase.java:106)
	at org.apache.catalina.core.StandardService.initInternal(StandardService.java:568)
	at org.apache.catalina.util.LifecycleBase.init(LifecycleBase.java:102)
	at org.apache.catalina.core.StandardServer.initInternal(StandardServer.java:869)
	at org.apache.catalina.util.LifecycleBase.init(LifecycleBase.java:102)
	at org.apache.catalina.startup.Catalina.load(Catalina.java:580)
	at org.apache.catalina.startup.Catalina.load(Catalina.java:603)
	at sun.reflect.NativeMethodAccessorImpl.invoke0(Native Method)
	at sun.reflect.NativeMethodAccessorImpl.invoke(NativeMethodAccessorImpl.java:62)
	at sun.reflect.DelegatingMethodAccessorImpl.invoke(DelegatingMethodAccessorImpl.java:43)
	at java.lang.reflect.Method.invoke(Method.java:497)
	at org.apache.catalina.startup.Bootstrap.load(Bootstrap.java:310)
	at org.apache.catalina.startup.Bootstrap.main(Bootstrap.java:484)
Caused by: org.apache.catalina.LifecycleException: Protocol handler initialization failed
	at org.apache.catalina.connector.Connector.initInternal(Connector.java:962)
	at org.apache.catalina.util.LifecycleBase.init(LifecycleBase.java:102)
	... 12 more
Caused by: java.lang.Exception: Socket bind failed: [730048] ?@???u¡Â??£V@??q¢XT???¡±} (?q¢XT??
	at org.apache.tomcat.util.net.AprEndpoint.bind(AprEndpoint.java:471)
	at org.apache.tomcat.util.net.AbstractEndpoint.init(AbstractEndpoint.java:750)
	at org.apache.coyote.AbstractProtocol.init(AbstractProtocol.java:458)
	at org.apache.catalina.connector.Connector.initInternal(Connector.java:960)
	... 13 more

31-May-2016 10:28:30.620 INFO [main] org.apache.catalina.startup.Catalina.load Initialization processed in 938 ms
31-May-2016 10:28:30.667 INFO [main] org.apache.catalina.core.StandardService.startInternal Starting service Catalina
31-May-2016 10:28:30.667 INFO [main] org.apache.catalina.core.StandardEngine.startInternal Starting Servlet Engine: Apache Tomcat/8.0.33
31-May-2016 10:28:30.667 INFO [localhost-startStop-1] org.apache.catalina.startup.HostConfig.deployDirectory Deploying web application directory D:\tomcat\webapps\axis
31-May-2016 10:28:31.108 INFO [localhost-startStop-1] org.apache.jasper.servlet.TldScanner.scanJars At least one JAR was scanned for TLDs yet contained no TLDs. Enable debug logging for this logger for a complete list of JARs that were scanned but no TLDs were found in them. Skipping unneeded JARs during scanning can improve startup time and JSP compilation time.
31-May-2016 10:28:31.374 INFO [localhost-startStop-1] org.apache.catalina.startup.HostConfig.deployDirectory Deployment of web application directory D:\tomcat\webapps\axis has finished in 707 ms
31-May-2016 10:28:31.374 INFO [localhost-startStop-1] org.apache.catalina.startup.HostConfig.deployDirectory Deploying web application directory D:\tomcat\webapps\docs
31-May-2016 10:28:31.389 INFO [localhost-startStop-1] org.apache.catalina.startup.HostConfig.deployDirectory Deployment of web application directory D:\tomcat\webapps\docs has finished in 15 ms
31-May-2016 10:28:31.389 INFO [localhost-startStop-1] org.apache.catalina.startup.HostConfig.deployDirectory Deploying web application directory D:\tomcat\webapps\examples
31-May-2016 10:28:31.546 INFO [localhost-startStop-1] org.apache.catalina.startup.HostConfig.deployDirectory Deployment of web application directory D:\tomcat\webapps\examples has finished in 157 ms
31-May-2016 10:28:31.546 INFO [localhost-startStop-1] org.apache.catalina.startup.HostConfig.deployDirectory Deploying web application directory D:\tomcat\webapps\host-manager
31-May-2016 10:28:31.561 INFO [localhost-startStop-1] org.apache.catalina.startup.HostConfig.deployDirectory Deployment of web application directory D:\tomcat\webapps\host-manager has finished in 15 ms
31-May-2016 10:28:31.561 INFO [localhost-startStop-1] org.apache.catalina.startup.HostConfig.deployDirectory Deploying web application directory D:\tomcat\webapps\manager
31-May-2016 10:28:31.577 INFO [localhost-startStop-1] org.apache.catalina.startup.HostConfig.deployDirectory Deployment of web application directory D:\tomcat\webapps\manager has finished in 16 ms
31-May-2016 10:28:31.577 INFO [localhost-startStop-1] org.apache.catalina.startup.HostConfig.deployDirectory Deploying web application directory D:\tomcat\webapps\ROOT
31-May-2016 10:28:31.592 INFO [localhost-startStop-1] org.apache.catalina.startup.HostConfig.deployDirectory Deployment of web application directory D:\tomcat\webapps\ROOT has finished in 15 ms
31-May-2016 10:28:31.592 INFO [localhost-startStop-1] org.apache.catalina.startup.HostConfig.deployDirectory Deploying web application directory D:\tomcat\webapps\xml
31-May-2016 10:28:31.592 INFO [localhost-startStop-1] org.apache.catalina.startup.HostConfig.deployDirectory Deployment of web application directory D:\tomcat\webapps\xml has finished in 0 ms
31-May-2016 10:28:31.592 INFO [main] org.apache.catalina.startup.Catalina.start Server startup in 972 ms
31-May-2016 10:28:31.608 SEVERE [main] org.apache.catalina.core.StandardServer.await StandardServer.await: create[localhost:8005]: 
 java.net.BindException: Address already in use: JVM_Bind
	at java.net.DualStackPlainSocketImpl.bind0(Native Method)
	at java.net.DualStackPlainSocketImpl.socketBind(DualStackPlainSocketImpl.java:106)
	at java.net.AbstractPlainSocketImpl.bind(AbstractPlainSocketImpl.java:387)
	at java.net.PlainSocketImpl.bind(PlainSocketImpl.java:190)
	at java.net.ServerSocket.bind(ServerSocket.java:375)
	at java.net.ServerSocket.<init>(ServerSocket.java:237)
	at org.apache.catalina.core.StandardServer.await(StandardServer.java:438)
	at org.apache.catalina.startup.Catalina.await(Catalina.java:717)
	at org.apache.catalina.startup.Catalina.start(Catalina.java:663)
	at sun.reflect.NativeMethodAccessorImpl.invoke0(Native Method)
	at sun.reflect.NativeMethodAccessorImpl.invoke(NativeMethodAccessorImpl.java:62)
	at sun.reflect.DelegatingMethodAccessorImpl.invoke(DelegatingMethodAccessorImpl.java:43)
	at java.lang.reflect.Method.invoke(Method.java:497)
	at org.apache.catalina.startup.Bootstrap.start(Bootstrap.java:351)
	at org.apache.catalina.startup.Bootstrap.main(Bootstrap.java:485)

31-May-2016 10:28:31.608 INFO [main] org.apache.coyote.AbstractProtocol.pause Pausing ProtocolHandler ["http-apr-8080"]
31-May-2016 10:28:31.608 INFO [main] org.apache.coyote.AbstractProtocol.pause Pausing ProtocolHandler ["ajp-apr-8009"]
31-May-2016 10:28:31.608 INFO [main] org.apache.catalina.core.StandardService.stopInternal Stopping service Catalina
31-May-2016 10:28:31.686 INFO [main] org.apache.coyote.AbstractProtocol.stop Stopping ProtocolHandler ["http-apr-8080"]
31-May-2016 10:28:31.686 INFO [main] org.apache.coyote.AbstractProtocol.destroy Destroying ProtocolHandler ["http-apr-8080"]
31-May-2016 10:28:31.686 INFO [main] org.apache.coyote.AbstractProtocol.stop Stopping ProtocolHandler ["ajp-apr-8009"]
31-May-2016 10:28:31.686 INFO [main] org.apache.coyote.AbstractProtocol.destroy Destroying ProtocolHandler ["ajp-apr-8009"]
31-May-2016 10:39:42.764 INFO [Thread-4] org.apache.coyote.AbstractProtocol.pause Pausing ProtocolHandler ["http-apr-8080"]
31-May-2016 10:39:42.858 INFO [Thread-4] org.apache.coyote.AbstractProtocol.pause Pausing ProtocolHandler ["ajp-apr-8009"]
31-May-2016 10:39:42.920 INFO [Thread-4] org.apache.catalina.core.StandardService.stopInternal Stopping service Catalina
31-May-2016 10:39:42.951 WARNING [localhost-startStop-2] org.apache.catalina.loader.WebappClassLoaderBase.clearReferencesThreads The web application [axis] appears to have started a thread named [Thread-3] but has failed to stop it. This is very likely to create a memory leak. Stack trace of thread:
 java.net.DualStackPlainSocketImpl.accept0(Native Method)
 java.net.DualStackPlainSocketImpl.socketAccept(DualStackPlainSocketImpl.java:131)
 java.net.AbstractPlainSocketImpl.accept(AbstractPlainSocketImpl.java:409)
 java.net.PlainSocketImpl.accept(PlainSocketImpl.java:199)
 java.net.ServerSocket.implAccept(ServerSocket.java:545)
 java.net.ServerSocket.accept(ServerSocket.java:513)
 org.apache.axis.monitor.SOAPMonitorService$ServerSocketThread.run(SOAPMonitorService.java:189)
 java.lang.Thread.run(Thread.java:745)
31-May-2016 10:39:42.967 INFO [Thread-4] org.apache.coyote.AbstractProtocol.stop Stopping ProtocolHandler ["http-apr-8080"]
31-May-2016 10:39:43.030 INFO [Thread-4] org.apache.coyote.AbstractProtocol.stop Stopping ProtocolHandler ["ajp-apr-8009"]
31-May-2016 10:39:43.092 INFO [Thread-4] org.apache.coyote.AbstractProtocol.destroy Destroying ProtocolHandler ["http-apr-8080"]
31-May-2016 10:39:43.092 INFO [Thread-4] org.apache.coyote.AbstractProtocol.destroy Destroying ProtocolHandler ["ajp-apr-8009"]
31-May-2016 10:40:45.120 INFO [main] org.apache.catalina.startup.VersionLoggerListener.log Server version:        Apache Tomcat/8.0.33
31-May-2016 10:40:45.120 INFO [main] org.apache.catalina.startup.VersionLoggerListener.log Server built:          Mar 18 2016 20:31:49 UTC
31-May-2016 10:40:45.120 INFO [main] org.apache.catalina.startup.VersionLoggerListener.log Server number:         8.0.33.0
31-May-2016 10:40:45.120 INFO [main] org.apache.catalina.startup.VersionLoggerListener.log OS Name:               Windows 8.1
31-May-2016 10:40:45.120 INFO [main] org.apache.catalina.startup.VersionLoggerListener.log OS Version:            6.3
31-May-2016 10:40:45.120 INFO [main] org.apache.catalina.startup.VersionLoggerListener.log Architecture:          amd64
31-May-2016 10:40:45.120 INFO [main] org.apache.catalina.startup.VersionLoggerListener.log Java Home:             c:\java\jdk\jre
31-May-2016 10:40:45.120 INFO [main] org.apache.catalina.startup.VersionLoggerListener.log JVM Version:           1.8.0_60-b27
31-May-2016 10:40:45.120 INFO [main] org.apache.catalina.startup.VersionLoggerListener.log JVM Vendor:            Oracle Corporation
31-May-2016 10:40:45.120 INFO [main] org.apache.catalina.startup.VersionLoggerListener.log CATALINA_BASE:         D:\tomcat
31-May-2016 10:40:45.120 INFO [main] org.apache.catalina.startup.VersionLoggerListener.log CATALINA_HOME:         D:\tomcat
31-May-2016 10:40:45.120 INFO [main] org.apache.catalina.startup.VersionLoggerListener.log Command line argument: -Djava.util.logging.config.file=D:\tomcat\conf\logging.properties
31-May-2016 10:40:45.120 INFO [main] org.apache.catalina.startup.VersionLoggerListener.log Command line argument: -Djava.util.logging.manager=org.apache.juli.ClassLoaderLogManager
31-May-2016 10:40:45.120 INFO [main] org.apache.catalina.startup.VersionLoggerListener.log Command line argument: -Djava.endorsed.dirs=D:\tomcat\endorsed
31-May-2016 10:40:45.120 INFO [main] org.apache.catalina.startup.VersionLoggerListener.log Command line argument: -Dcatalina.base=D:\tomcat
31-May-2016 10:40:45.120 INFO [main] org.apache.catalina.startup.VersionLoggerListener.log Command line argument: -Dcatalina.home=D:\tomcat
31-May-2016 10:40:45.120 INFO [main] org.apache.catalina.startup.VersionLoggerListener.log Command line argument: -Djava.io.tmpdir=D:\tomcat\temp
31-May-2016 10:40:45.120 INFO [main] org.apache.catalina.core.AprLifecycleListener.lifecycleEvent Loaded APR based Apache Tomcat Native library 1.2.5 using APR version 1.5.1.
31-May-2016 10:40:45.120 INFO [main] org.apache.catalina.core.AprLifecycleListener.lifecycleEvent APR capabilities: IPv6 [true], sendfile [true], accept filters [false], random [true].
31-May-2016 10:40:45.510 INFO [main] org.apache.catalina.core.AprLifecycleListener.initializeSSL OpenSSL successfully initialized (OpenSSL 1.0.2g  1 Mar 2016)
31-May-2016 10:40:45.602 INFO [main] org.apache.coyote.AbstractProtocol.init Initializing ProtocolHandler ["http-apr-8080"]
31-May-2016 10:40:45.602 INFO [main] org.apache.coyote.AbstractProtocol.init Initializing ProtocolHandler ["ajp-apr-8009"]
31-May-2016 10:40:45.602 INFO [main] org.apache.catalina.startup.Catalina.load Initialization processed in 735 ms
31-May-2016 10:40:45.617 INFO [main] org.apache.catalina.core.StandardService.startInternal Starting service Catalina
31-May-2016 10:40:45.617 INFO [main] org.apache.catalina.core.StandardEngine.startInternal Starting Servlet Engine: Apache Tomcat/8.0.33
31-May-2016 10:40:45.633 INFO [localhost-startStop-1] org.apache.catalina.startup.HostConfig.deployDirectory Deploying web application directory D:\tomcat\webapps\axis
31-May-2016 10:40:46.070 INFO [localhost-startStop-1] org.apache.jasper.servlet.TldScanner.scanJars At least one JAR was scanned for TLDs yet contained no TLDs. Enable debug logging for this logger for a complete list of JARs that were scanned but no TLDs were found in them. Skipping unneeded JARs during scanning can improve startup time and JSP compilation time.
31-May-2016 10:40:46.305 INFO [localhost-startStop-1] org.apache.catalina.startup.HostConfig.deployDirectory Deployment of web application directory D:\tomcat\webapps\axis has finished in 672 ms
31-May-2016 10:40:46.305 INFO [localhost-startStop-1] org.apache.catalina.startup.HostConfig.deployDirectory Deploying web application directory D:\tomcat\webapps\docs
31-May-2016 10:40:46.367 INFO [localhost-startStop-1] org.apache.jasper.servlet.TldScanner.scanJars At least one JAR was scanned for TLDs yet contained no TLDs. Enable debug logging for this logger for a complete list of JARs that were scanned but no TLDs were found in them. Skipping unneeded JARs during scanning can improve startup time and JSP compilation time.
31-May-2016 10:40:46.367 INFO [localhost-startStop-1] org.apache.catalina.startup.HostConfig.deployDirectory Deployment of web application directory D:\tomcat\webapps\docs has finished in 62 ms
31-May-2016 10:40:46.367 INFO [localhost-startStop-1] org.apache.catalina.startup.HostConfig.deployDirectory Deploying web application directory D:\tomcat\webapps\examples
31-May-2016 10:40:46.523 INFO [localhost-startStop-1] org.apache.jasper.servlet.TldScanner.scanJars At least one JAR was scanned for TLDs yet contained no TLDs. Enable debug logging for this logger for a complete list of JARs that were scanned but no TLDs were found in them. Skipping unneeded JARs during scanning can improve startup time and JSP compilation time.
31-May-2016 10:40:46.555 INFO [localhost-startStop-1] org.apache.catalina.startup.HostConfig.deployDirectory Deployment of web application directory D:\tomcat\webapps\examples has finished in 188 ms
31-May-2016 10:40:46.555 INFO [localhost-startStop-1] org.apache.catalina.startup.HostConfig.deployDirectory Deploying web application directory D:\tomcat\webapps\host-manager
31-May-2016 10:40:46.586 INFO [localhost-startStop-1] org.apache.jasper.servlet.TldScanner.scanJars At least one JAR was scanned for TLDs yet contained no TLDs. Enable debug logging for this logger for a complete list of JARs that were scanned but no TLDs were found in them. Skipping unneeded JARs during scanning can improve startup time and JSP compilation time.
31-May-2016 10:40:46.602 INFO [localhost-startStop-1] org.apache.catalina.startup.HostConfig.deployDirectory Deployment of web application directory D:\tomcat\webapps\host-manager has finished in 47 ms
31-May-2016 10:40:46.602 INFO [localhost-startStop-1] org.apache.catalina.startup.HostConfig.deployDirectory Deploying web application directory D:\tomcat\webapps\manager
31-May-2016 10:40:46.633 INFO [localhost-startStop-1] org.apache.jasper.servlet.TldScanner.scanJars At least one JAR was scanned for TLDs yet contained no TLDs. Enable debug logging for this logger for a complete list of JARs that were scanned but no TLDs were found in them. Skipping unneeded JARs during scanning can improve startup time and JSP compilation time.
31-May-2016 10:40:46.633 INFO [localhost-startStop-1] org.apache.catalina.startup.HostConfig.deployDirectory Deployment of web application directory D:\tomcat\webapps\manager has finished in 31 ms
31-May-2016 10:40:46.633 INFO [localhost-startStop-1] org.apache.catalina.startup.HostConfig.deployDirectory Deploying web application directory D:\tomcat\webapps\ROOT
31-May-2016 10:40:46.680 INFO [localhost-startStop-1] org.apache.jasper.servlet.TldScanner.scanJars At least one JAR was scanned for TLDs yet contained no TLDs. Enable debug logging for this logger for a complete list of JARs that were scanned but no TLDs were found in them. Skipping unneeded JARs during scanning can improve startup time and JSP compilation time.
31-May-2016 10:40:46.680 INFO [localhost-startStop-1] org.apache.catalina.startup.HostConfig.deployDirectory Deployment of web application directory D:\tomcat\webapps\ROOT has finished in 47 ms
31-May-2016 10:40:46.680 INFO [localhost-startStop-1] org.apache.catalina.startup.HostConfig.deployDirectory Deploying web application directory D:\tomcat\webapps\xml
31-May-2016 10:40:46.711 INFO [localhost-startStop-1] org.apache.jasper.servlet.TldScanner.scanJars At least one JAR was scanned for TLDs yet contained no TLDs. Enable debug logging for this logger for a complete list of JARs that were scanned but no TLDs were found in them. Skipping unneeded JARs during scanning can improve startup time and JSP compilation time.
31-May-2016 10:40:46.711 INFO [localhost-startStop-1] org.apache.catalina.startup.HostConfig.deployDirectory Deployment of web application directory D:\tomcat\webapps\xml has finished in 31 ms
31-May-2016 10:40:46.727 INFO [main] org.apache.coyote.AbstractProtocol.start Starting ProtocolHandler ["http-apr-8080"]
31-May-2016 10:40:46.867 INFO [main] org.apache.coyote.AbstractProtocol.start Starting ProtocolHandler ["ajp-apr-8009"]
31-May-2016 10:40:47.026 INFO [main] org.apache.catalina.startup.Catalina.start Server startup in 1414 ms
31-May-2016 10:43:07.392 INFO [Thread-4] org.apache.coyote.AbstractProtocol.pause Pausing ProtocolHandler ["http-apr-8080"]
31-May-2016 10:43:07.454 INFO [Thread-4] org.apache.coyote.AbstractProtocol.pause Pausing ProtocolHandler ["ajp-apr-8009"]
31-May-2016 10:43:07.517 INFO [Thread-4] org.apache.catalina.core.StandardService.stopInternal Stopping service Catalina
31-May-2016 10:43:07.563 INFO [Thread-4] org.apache.coyote.AbstractProtocol.stop Stopping ProtocolHandler ["http-apr-8080"]
31-May-2016 10:43:07.626 INFO [Thread-4] org.apache.coyote.AbstractProtocol.stop Stopping ProtocolHandler ["ajp-apr-8009"]
31-May-2016 10:43:07.688 INFO [Thread-4] org.apache.coyote.AbstractProtocol.destroy Destroying ProtocolHandler ["http-apr-8080"]
31-May-2016 10:43:07.688 INFO [Thread-4] org.apache.coyote.AbstractProtocol.destroy Destroying ProtocolHandler ["ajp-apr-8009"]
31-May-2016 10:44:09.591 INFO [main] org.apache.catalina.startup.VersionLoggerListener.log Server version:        Apache Tomcat/8.0.33
31-May-2016 10:44:09.591 INFO [main] org.apache.catalina.startup.VersionLoggerListener.log Server built:          Mar 18 2016 20:31:49 UTC
31-May-2016 10:44:09.591 INFO [main] org.apache.catalina.startup.VersionLoggerListener.log Server number:         8.0.33.0
31-May-2016 10:44:09.591 INFO [main] org.apache.catalina.startup.VersionLoggerListener.log OS Name:               Windows 8.1
31-May-2016 10:44:09.591 INFO [main] org.apache.catalina.startup.VersionLoggerListener.log OS Version:            6.3
31-May-2016 10:44:09.591 INFO [main] org.apache.catalina.startup.VersionLoggerListener.log Architecture:          amd64
31-May-2016 10:44:09.591 INFO [main] org.apache.catalina.startup.VersionLoggerListener.log Java Home:             c:\java\jdk\jre
31-May-2016 10:44:09.591 INFO [main] org.apache.catalina.startup.VersionLoggerListener.log JVM Version:           1.8.0_60-b27
31-May-2016 10:44:09.591 INFO [main] org.apache.catalina.startup.VersionLoggerListener.log JVM Vendor:            Oracle Corporation
31-May-2016 10:44:09.591 INFO [main] org.apache.catalina.startup.VersionLoggerListener.log CATALINA_BASE:         D:\tomcat
31-May-2016 10:44:09.591 INFO [main] org.apache.catalina.startup.VersionLoggerListener.log CATALINA_HOME:         D:\tomcat
31-May-2016 10:44:09.591 INFO [main] org.apache.catalina.startup.VersionLoggerListener.log Command line argument: -Djava.util.logging.config.file=D:\tomcat\conf\logging.properties
31-May-2016 10:44:09.591 INFO [main] org.apache.catalina.startup.VersionLoggerListener.log Command line argument: -Djava.util.logging.manager=org.apache.juli.ClassLoaderLogManager
31-May-2016 10:44:09.591 INFO [main] org.apache.catalina.startup.VersionLoggerListener.log Command line argument: -Djava.endorsed.dirs=D:\tomcat\endorsed
31-May-2016 10:44:09.591 INFO [main] org.apache.catalina.startup.VersionLoggerListener.log Command line argument: -Dcatalina.base=D:\tomcat
31-May-2016 10:44:09.591 INFO [main] org.apache.catalina.startup.VersionLoggerListener.log Command line argument: -Dcatalina.home=D:\tomcat
31-May-2016 10:44:09.591 INFO [main] org.apache.catalina.startup.VersionLoggerListener.log Command line argument: -Djava.io.tmpdir=D:\tomcat\temp
31-May-2016 10:44:09.591 INFO [main] org.apache.catalina.core.AprLifecycleListener.lifecycleEvent Loaded APR based Apache Tomcat Native library 1.2.5 using APR version 1.5.1.
31-May-2016 10:44:09.591 INFO [main] org.apache.catalina.core.AprLifecycleListener.lifecycleEvent APR capabilities: IPv6 [true], sendfile [true], accept filters [false], random [true].
31-May-2016 10:44:09.998 INFO [main] org.apache.catalina.core.AprLifecycleListener.initializeSSL OpenSSL successfully initialized (OpenSSL 1.0.2g  1 Mar 2016)
31-May-2016 10:44:10.076 INFO [main] org.apache.coyote.AbstractProtocol.init Initializing ProtocolHandler ["http-apr-8080"]
31-May-2016 10:44:10.076 INFO [main] org.apache.coyote.AbstractProtocol.init Initializing ProtocolHandler ["ajp-apr-8009"]
31-May-2016 10:44:10.076 INFO [main] org.apache.catalina.startup.Catalina.load Initialization processed in 730 ms
31-May-2016 10:44:10.091 INFO [main] org.apache.catalina.core.StandardService.startInternal Starting service Catalina
31-May-2016 10:44:10.091 INFO [main] org.apache.catalina.core.StandardEngine.startInternal Starting Servlet Engine: Apache Tomcat/8.0.33
31-May-2016 10:44:10.107 INFO [localhost-startStop-1] org.apache.catalina.startup.HostConfig.deployDirectory Deploying web application directory D:\tomcat\webapps\axis
31-May-2016 10:44:10.560 INFO [localhost-startStop-1] org.apache.jasper.servlet.TldScanner.scanJars At least one JAR was scanned for TLDs yet contained no TLDs. Enable debug logging for this logger for a complete list of JARs that were scanned but no TLDs were found in them. Skipping unneeded JARs during scanning can improve startup time and JSP compilation time.
31-May-2016 10:44:10.796 INFO [localhost-startStop-1] org.apache.catalina.startup.HostConfig.deployDirectory Deployment of web application directory D:\tomcat\webapps\axis has finished in 689 ms
31-May-2016 10:44:10.796 INFO [localhost-startStop-1] org.apache.catalina.startup.HostConfig.deployDirectory Deploying web application directory D:\tomcat\webapps\docs
31-May-2016 10:44:10.843 INFO [localhost-startStop-1] org.apache.jasper.servlet.TldScanner.scanJars At least one JAR was scanned for TLDs yet contained no TLDs. Enable debug logging for this logger for a complete list of JARs that were scanned but no TLDs were found in them. Skipping unneeded JARs during scanning can improve startup time and JSP compilation time.
31-May-2016 10:44:10.843 INFO [localhost-startStop-1] org.apache.catalina.startup.HostConfig.deployDirectory Deployment of web application directory D:\tomcat\webapps\docs has finished in 47 ms
31-May-2016 10:44:10.843 INFO [localhost-startStop-1] org.apache.catalina.startup.HostConfig.deployDirectory Deploying web application directory D:\tomcat\webapps\examples
31-May-2016 10:44:10.999 INFO [localhost-startStop-1] org.apache.jasper.servlet.TldScanner.scanJars At least one JAR was scanned for TLDs yet contained no TLDs. Enable debug logging for this logger for a complete list of JARs that were scanned but no TLDs were found in them. Skipping unneeded JARs during scanning can improve startup time and JSP compilation time.
31-May-2016 10:44:11.031 INFO [localhost-startStop-1] org.apache.catalina.startup.HostConfig.deployDirectory Deployment of web application directory D:\tomcat\webapps\examples has finished in 188 ms
31-May-2016 10:44:11.031 INFO [localhost-startStop-1] org.apache.catalina.startup.HostConfig.deployDirectory Deploying web application directory D:\tomcat\webapps\host-manager
31-May-2016 10:44:11.078 INFO [localhost-startStop-1] org.apache.jasper.servlet.TldScanner.scanJars At least one JAR was scanned for TLDs yet contained no TLDs. Enable debug logging for this logger for a complete list of JARs that were scanned but no TLDs were found in them. Skipping unneeded JARs during scanning can improve startup time and JSP compilation time.
31-May-2016 10:44:11.078 INFO [localhost-startStop-1] org.apache.catalina.startup.HostConfig.deployDirectory Deployment of web application directory D:\tomcat\webapps\host-manager has finished in 47 ms
31-May-2016 10:44:11.078 INFO [localhost-startStop-1] org.apache.catalina.startup.HostConfig.deployDirectory Deploying web application directory D:\tomcat\webapps\manager
31-May-2016 10:44:11.109 INFO [localhost-startStop-1] org.apache.jasper.servlet.TldScanner.scanJars At least one JAR was scanned for TLDs yet contained no TLDs. Enable debug logging for this logger for a complete list of JARs that were scanned but no TLDs were found in them. Skipping unneeded JARs during scanning can improve startup time and JSP compilation time.
31-May-2016 10:44:11.109 INFO [localhost-startStop-1] org.apache.catalina.startup.HostConfig.deployDirectory Deployment of web application directory D:\tomcat\webapps\manager has finished in 31 ms
31-May-2016 10:44:11.109 INFO [localhost-startStop-1] org.apache.catalina.startup.HostConfig.deployDirectory Deploying web application directory D:\tomcat\webapps\ROOT
31-May-2016 10:44:11.156 INFO [localhost-startStop-1] org.apache.jasper.servlet.TldScanner.scanJars At least one JAR was scanned for TLDs yet contained no TLDs. Enable debug logging for this logger for a complete list of JARs that were scanned but no TLDs were found in them. Skipping unneeded JARs during scanning can improve startup time and JSP compilation time.
31-May-2016 10:44:11.156 INFO [localhost-startStop-1] org.apache.catalina.startup.HostConfig.deployDirectory Deployment of web application directory D:\tomcat\webapps\ROOT has finished in 47 ms
31-May-2016 10:44:11.156 INFO [localhost-startStop-1] org.apache.catalina.startup.HostConfig.deployDirectory Deploying web application directory D:\tomcat\webapps\xml
31-May-2016 10:44:11.187 INFO [localhost-startStop-1] org.apache.jasper.servlet.TldScanner.scanJars At least one JAR was scanned for TLDs yet contained no TLDs. Enable debug logging for this logger for a complete list of JARs that were scanned but no TLDs were found in them. Skipping unneeded JARs during scanning can improve startup time and JSP compilation time.
31-May-2016 10:44:11.187 INFO [localhost-startStop-1] org.apache.catalina.startup.HostConfig.deployDirectory Deployment of web application directory D:\tomcat\webapps\xml has finished in 31 ms
31-May-2016 10:44:11.203 INFO [main] org.apache.coyote.AbstractProtocol.start Starting ProtocolHandler ["http-apr-8080"]
31-May-2016 10:44:11.343 INFO [main] org.apache.coyote.AbstractProtocol.start Starting ProtocolHandler ["ajp-apr-8009"]
31-May-2016 10:44:11.515 INFO [main] org.apache.catalina.startup.Catalina.start Server startup in 1427 ms
31-May-2016 10:47:36.718 INFO [Thread-4] org.apache.coyote.AbstractProtocol.pause Pausing ProtocolHandler ["http-apr-8080"]
31-May-2016 10:47:36.781 INFO [Thread-4] org.apache.coyote.AbstractProtocol.pause Pausing ProtocolHandler ["ajp-apr-8009"]
31-May-2016 10:47:36.843 INFO [Thread-4] org.apache.catalina.core.StandardService.stopInternal Stopping service Catalina
31-May-2016 10:47:36.937 INFO [Thread-4] org.apache.coyote.AbstractProtocol.stop Stopping ProtocolHandler ["http-apr-8080"]
31-May-2016 10:47:37.000 INFO [Thread-4] org.apache.coyote.AbstractProtocol.stop Stopping ProtocolHandler ["ajp-apr-8009"]
31-May-2016 10:47:37.062 INFO [Thread-4] org.apache.coyote.AbstractProtocol.destroy Destroying ProtocolHandler ["http-apr-8080"]
31-May-2016 10:47:37.062 INFO [Thread-4] org.apache.coyote.AbstractProtocol.destroy Destroying ProtocolHandler ["ajp-apr-8009"]
31-May-2016 10:47:42.299 INFO [main] org.apache.catalina.startup.VersionLoggerListener.log Server version:        Apache Tomcat/8.0.33
31-May-2016 10:47:42.299 INFO [main] org.apache.catalina.startup.VersionLoggerListener.log Server built:          Mar 18 2016 20:31:49 UTC
31-May-2016 10:47:42.299 INFO [main] org.apache.catalina.startup.VersionLoggerListener.log Server number:         8.0.33.0
31-May-2016 10:47:42.299 INFO [main] org.apache.catalina.startup.VersionLoggerListener.log OS Name:               Windows 8.1
31-May-2016 10:47:42.299 INFO [main] org.apache.catalina.startup.VersionLoggerListener.log OS Version:            6.3
31-May-2016 10:47:42.299 INFO [main] org.apache.catalina.startup.VersionLoggerListener.log Architecture:          amd64
31-May-2016 10:47:42.299 INFO [main] org.apache.catalina.startup.VersionLoggerListener.log Java Home:             c:\java\jdk\jre
31-May-2016 10:47:42.299 INFO [main] org.apache.catalina.startup.VersionLoggerListener.log JVM Version:           1.8.0_60-b27
31-May-2016 10:47:42.299 INFO [main] org.apache.catalina.startup.VersionLoggerListener.log JVM Vendor:            Oracle Corporation
31-May-2016 10:47:42.299 INFO [main] org.apache.catalina.startup.VersionLoggerListener.log CATALINA_BASE:         D:\tomcat
31-May-2016 10:47:42.299 INFO [main] org.apache.catalina.startup.VersionLoggerListener.log CATALINA_HOME:         D:\tomcat
31-May-2016 10:47:42.299 INFO [main] org.apache.catalina.startup.VersionLoggerListener.log Command line argument: -Djava.util.logging.config.file=D:\tomcat\conf\logging.properties
31-May-2016 10:47:42.299 INFO [main] org.apache.catalina.startup.VersionLoggerListener.log Command line argument: -Djava.util.logging.manager=org.apache.juli.ClassLoaderLogManager
31-May-2016 10:47:42.299 INFO [main] org.apache.catalina.startup.VersionLoggerListener.log Command line argument: -Djava.endorsed.dirs=D:\tomcat\endorsed
31-May-2016 10:47:42.299 INFO [main] org.apache.catalina.startup.VersionLoggerListener.log Command line argument: -Dcatalina.base=D:\tomcat
31-May-2016 10:47:42.299 INFO [main] org.apache.catalina.startup.VersionLoggerListener.log Command line argument: -Dcatalina.home=D:\tomcat
31-May-2016 10:47:42.299 INFO [main] org.apache.catalina.startup.VersionLoggerListener.log Command line argument: -Djava.io.tmpdir=D:\tomcat\temp
31-May-2016 10:47:42.299 INFO [main] org.apache.catalina.core.AprLifecycleListener.lifecycleEvent Loaded APR based Apache Tomcat Native library 1.2.5 using APR version 1.5.1.
31-May-2016 10:47:42.299 INFO [main] org.apache.catalina.core.AprLifecycleListener.lifecycleEvent APR capabilities: IPv6 [true], sendfile [true], accept filters [false], random [true].
31-May-2016 10:47:42.695 INFO [main] org.apache.catalina.core.AprLifecycleListener.initializeSSL OpenSSL successfully initialized (OpenSSL 1.0.2g  1 Mar 2016)
31-May-2016 10:47:42.773 INFO [main] org.apache.coyote.AbstractProtocol.init Initializing ProtocolHandler ["http-apr-8080"]
31-May-2016 10:47:42.789 INFO [main] org.apache.coyote.AbstractProtocol.init Initializing ProtocolHandler ["ajp-apr-8009"]
31-May-2016 10:47:42.789 INFO [main] org.apache.catalina.startup.Catalina.load Initialization processed in 727 ms
31-May-2016 10:47:42.804 INFO [main] org.apache.catalina.core.StandardService.startInternal Starting service Catalina
31-May-2016 10:47:42.804 INFO [main] org.apache.catalina.core.StandardEngine.startInternal Starting Servlet Engine: Apache Tomcat/8.0.33
31-May-2016 10:47:42.804 INFO [localhost-startStop-1] org.apache.catalina.startup.HostConfig.deployDirectory Deploying web application directory D:\tomcat\webapps\axis
31-May-2016 10:47:43.250 INFO [localhost-startStop-1] org.apache.jasper.servlet.TldScanner.scanJars At least one JAR was scanned for TLDs yet contained no TLDs. Enable debug logging for this logger for a complete list of JARs that were scanned but no TLDs were found in them. Skipping unneeded JARs during scanning can improve startup time and JSP compilation time.
31-May-2016 10:47:43.485 INFO [localhost-startStop-1] org.apache.catalina.startup.HostConfig.deployDirectory Deployment of web application directory D:\tomcat\webapps\axis has finished in 681 ms
31-May-2016 10:47:43.485 INFO [localhost-startStop-1] org.apache.catalina.startup.HostConfig.deployDirectory Deploying web application directory D:\tomcat\webapps\docs
31-May-2016 10:47:43.532 INFO [localhost-startStop-1] org.apache.jasper.servlet.TldScanner.scanJars At least one JAR was scanned for TLDs yet contained no TLDs. Enable debug logging for this logger for a complete list of JARs that were scanned but no TLDs were found in them. Skipping unneeded JARs during scanning can improve startup time and JSP compilation time.
31-May-2016 10:47:43.532 INFO [localhost-startStop-1] org.apache.catalina.startup.HostConfig.deployDirectory Deployment of web application directory D:\tomcat\webapps\docs has finished in 47 ms
31-May-2016 10:47:43.532 INFO [localhost-startStop-1] org.apache.catalina.startup.HostConfig.deployDirectory Deploying web application directory D:\tomcat\webapps\examples
31-May-2016 10:47:43.703 INFO [localhost-startStop-1] org.apache.jasper.servlet.TldScanner.scanJars At least one JAR was scanned for TLDs yet contained no TLDs. Enable debug logging for this logger for a complete list of JARs that were scanned but no TLDs were found in them. Skipping unneeded JARs during scanning can improve startup time and JSP compilation time.
31-May-2016 10:47:43.735 INFO [localhost-startStop-1] org.apache.catalina.startup.HostConfig.deployDirectory Deployment of web application directory D:\tomcat\webapps\examples has finished in 203 ms
31-May-2016 10:47:43.735 INFO [localhost-startStop-1] org.apache.catalina.startup.HostConfig.deployDirectory Deploying web application directory D:\tomcat\webapps\host-manager
31-May-2016 10:47:43.782 INFO [localhost-startStop-1] org.apache.jasper.servlet.TldScanner.scanJars At least one JAR was scanned for TLDs yet contained no TLDs. Enable debug logging for this logger for a complete list of JARs that were scanned but no TLDs were found in them. Skipping unneeded JARs during scanning can improve startup time and JSP compilation time.
31-May-2016 10:47:43.782 INFO [localhost-startStop-1] org.apache.catalina.startup.HostConfig.deployDirectory Deployment of web application directory D:\tomcat\webapps\host-manager has finished in 47 ms
31-May-2016 10:47:43.782 INFO [localhost-startStop-1] org.apache.catalina.startup.HostConfig.deployDirectory Deploying web application directory D:\tomcat\webapps\manager
31-May-2016 10:47:43.813 INFO [localhost-startStop-1] org.apache.jasper.servlet.TldScanner.scanJars At least one JAR was scanned for TLDs yet contained no TLDs. Enable debug logging for this logger for a complete list of JARs that were scanned but no TLDs were found in them. Skipping unneeded JARs during scanning can improve startup time and JSP compilation time.
31-May-2016 10:47:43.813 INFO [localhost-startStop-1] org.apache.catalina.startup.HostConfig.deployDirectory Deployment of web application directory D:\tomcat\webapps\manager has finished in 31 ms
31-May-2016 10:47:43.813 INFO [localhost-startStop-1] org.apache.catalina.startup.HostConfig.deployDirectory Deploying web application directory D:\tomcat\webapps\ROOT
31-May-2016 10:47:43.860 INFO [localhost-startStop-1] org.apache.jasper.servlet.TldScanner.scanJars At least one JAR was scanned for TLDs yet contained no TLDs. Enable debug logging for this logger for a complete list of JARs that were scanned but no TLDs were found in them. Skipping unneeded JARs during scanning can improve startup time and JSP compilation time.
31-May-2016 10:47:43.860 INFO [localhost-startStop-1] org.apache.catalina.startup.HostConfig.deployDirectory Deployment of web application directory D:\tomcat\webapps\ROOT has finished in 47 ms
31-May-2016 10:47:43.860 INFO [localhost-startStop-1] org.apache.catalina.startup.HostConfig.deployDirectory Deploying web application directory D:\tomcat\webapps\xml
31-May-2016 10:47:43.891 INFO [localhost-startStop-1] org.apache.jasper.servlet.TldScanner.scanJars At least one JAR was scanned for TLDs yet contained no TLDs. Enable debug logging for this logger for a complete list of JARs that were scanned but no TLDs were found in them. Skipping unneeded JARs during scanning can improve startup time and JSP compilation time.
31-May-2016 10:47:43.891 INFO [localhost-startStop-1] org.apache.catalina.startup.HostConfig.deployDirectory Deployment of web application directory D:\tomcat\webapps\xml has finished in 31 ms
31-May-2016 10:47:43.891 INFO [main] org.apache.coyote.AbstractProtocol.start Starting ProtocolHandler ["http-apr-8080"]
31-May-2016 10:47:44.032 INFO [main] org.apache.coyote.AbstractProtocol.start Starting ProtocolHandler ["ajp-apr-8009"]
31-May-2016 10:47:44.107 INFO [main] org.apache.catalina.startup.Catalina.start Server startup in 1314 ms
31-May-2016 12:05:49.895 INFO [Thread-4] org.apache.coyote.AbstractProtocol.pause Pausing ProtocolHandler ["http-apr-8080"]
31-May-2016 12:05:49.973 INFO [Thread-4] org.apache.coyote.AbstractProtocol.pause Pausing ProtocolHandler ["ajp-apr-8009"]
31-May-2016 12:05:50.035 INFO [Thread-4] org.apache.catalina.core.StandardService.stopInternal Stopping service Catalina
31-May-2016 12:05:50.082 INFO [Thread-4] org.apache.coyote.AbstractProtocol.stop Stopping ProtocolHandler ["http-apr-8080"]
31-May-2016 12:05:50.145 INFO [Thread-4] org.apache.coyote.AbstractProtocol.stop Stopping ProtocolHandler ["ajp-apr-8009"]
31-May-2016 12:05:50.197 INFO [Thread-4] org.apache.coyote.AbstractProtocol.destroy Destroying ProtocolHandler ["http-apr-8080"]
31-May-2016 12:05:50.200 INFO [Thread-4] org.apache.coyote.AbstractProtocol.destroy Destroying ProtocolHandler ["ajp-apr-8009"]
31-May-2016 12:15:25.890 INFO [main] org.apache.catalina.startup.VersionLoggerListener.log Server version:        Apache Tomcat/8.0.33
31-May-2016 12:15:25.890 INFO [main] org.apache.catalina.startup.VersionLoggerListener.log Server built:          Mar 18 2016 20:31:49 UTC
31-May-2016 12:15:25.890 INFO [main] org.apache.catalina.startup.VersionLoggerListener.log Server number:         8.0.33.0
31-May-2016 12:15:25.890 INFO [main] org.apache.catalina.startup.VersionLoggerListener.log OS Name:               Windows 8.1
31-May-2016 12:15:25.890 INFO [main] org.apache.catalina.startup.VersionLoggerListener.log OS Version:            6.3
31-May-2016 12:15:25.890 INFO [main] org.apache.catalina.startup.VersionLoggerListener.log Architecture:          amd64
31-May-2016 12:15:25.890 INFO [main] org.apache.catalina.startup.VersionLoggerListener.log Java Home:             C:\java\jdk\jre
31-May-2016 12:15:25.890 INFO [main] org.apache.catalina.startup.VersionLoggerListener.log JVM Version:           1.8.0_60-b27
31-May-2016 12:15:25.890 INFO [main] org.apache.catalina.startup.VersionLoggerListener.log JVM Vendor:            Oracle Corporation
31-May-2016 12:15:25.890 INFO [main] org.apache.catalina.startup.VersionLoggerListener.log CATALINA_BASE:         D:\tomcat
31-May-2016 12:15:25.890 INFO [main] org.apache.catalina.startup.VersionLoggerListener.log CATALINA_HOME:         D:\tomcat
31-May-2016 12:15:25.890 INFO [main] org.apache.catalina.startup.VersionLoggerListener.log Command line argument: -Djava.util.logging.config.file=D:\tomcat\conf\logging.properties
31-May-2016 12:15:25.890 INFO [main] org.apache.catalina.startup.VersionLoggerListener.log Command line argument: -Djava.util.logging.manager=org.apache.juli.ClassLoaderLogManager
31-May-2016 12:15:25.890 INFO [main] org.apache.catalina.startup.VersionLoggerListener.log Command line argument: -Djava.endorsed.dirs=D:\tomcat\endorsed
31-May-2016 12:15:25.890 INFO [main] org.apache.catalina.startup.VersionLoggerListener.log Command line argument: -Dcatalina.base=D:\tomcat
31-May-2016 12:15:25.890 INFO [main] org.apache.catalina.startup.VersionLoggerListener.log Command line argument: -Dcatalina.home=D:\tomcat
31-May-2016 12:15:25.890 INFO [main] org.apache.catalina.startup.VersionLoggerListener.log Command line argument: -Djava.io.tmpdir=D:\tomcat\temp
31-May-2016 12:15:25.906 INFO [main] org.apache.catalina.core.AprLifecycleListener.lifecycleEvent Loaded APR based Apache Tomcat Native library 1.2.5 using APR version 1.5.1.
31-May-2016 12:15:25.906 INFO [main] org.apache.catalina.core.AprLifecycleListener.lifecycleEvent APR capabilities: IPv6 [true], sendfile [true], accept filters [false], random [true].
31-May-2016 12:15:26.312 INFO [main] org.apache.catalina.core.AprLifecycleListener.initializeSSL OpenSSL successfully initialized (OpenSSL 1.0.2g  1 Mar 2016)
31-May-2016 12:15:26.390 INFO [main] org.apache.coyote.AbstractProtocol.init Initializing ProtocolHandler ["http-apr-8080"]
31-May-2016 12:15:26.390 INFO [main] org.apache.coyote.AbstractProtocol.init Initializing ProtocolHandler ["ajp-apr-8009"]
31-May-2016 12:15:26.390 INFO [main] org.apache.catalina.startup.Catalina.load Initialization processed in 734 ms
31-May-2016 12:15:26.421 INFO [main] org.apache.catalina.core.StandardService.startInternal Starting service Catalina
31-May-2016 12:15:26.421 INFO [main] org.apache.catalina.core.StandardEngine.startInternal Starting Servlet Engine: Apache Tomcat/8.0.33
31-May-2016 12:15:26.421 INFO [localhost-startStop-1] org.apache.catalina.startup.HostConfig.deployDirectory Deploying web application directory D:\tomcat\webapps\axis
31-May-2016 12:15:26.875 INFO [localhost-startStop-1] org.apache.jasper.servlet.TldScanner.scanJars At least one JAR was scanned for TLDs yet contained no TLDs. Enable debug logging for this logger for a complete list of JARs that were scanned but no TLDs were found in them. Skipping unneeded JARs during scanning can improve startup time and JSP compilation time.
31-May-2016 12:15:27.171 INFO [localhost-startStop-1] org.apache.catalina.startup.HostConfig.deployDirectory Deployment of web application directory D:\tomcat\webapps\axis has finished in 750 ms
31-May-2016 12:15:27.171 INFO [localhost-startStop-1] org.apache.catalina.startup.HostConfig.deployDirectory Deploying web application directory D:\tomcat\webapps\docs
31-May-2016 12:15:27.218 INFO [localhost-startStop-1] org.apache.jasper.servlet.TldScanner.scanJars At least one JAR was scanned for TLDs yet contained no TLDs. Enable debug logging for this logger for a complete list of JARs that were scanned but no TLDs were found in them. Skipping unneeded JARs during scanning can improve startup time and JSP compilation time.
31-May-2016 12:15:27.218 INFO [localhost-startStop-1] org.apache.catalina.startup.HostConfig.deployDirectory Deployment of web application directory D:\tomcat\webapps\docs has finished in 47 ms
31-May-2016 12:15:27.218 INFO [localhost-startStop-1] org.apache.catalina.startup.HostConfig.deployDirectory Deploying web application directory D:\tomcat\webapps\examples
31-May-2016 12:15:27.390 INFO [localhost-startStop-1] org.apache.jasper.servlet.TldScanner.scanJars At least one JAR was scanned for TLDs yet contained no TLDs. Enable debug logging for this logger for a complete list of JARs that were scanned but no TLDs were found in them. Skipping unneeded JARs during scanning can improve startup time and JSP compilation time.
31-May-2016 12:15:27.421 INFO [localhost-startStop-1] org.apache.catalina.startup.HostConfig.deployDirectory Deployment of web application directory D:\tomcat\webapps\examples has finished in 203 ms
31-May-2016 12:15:27.421 INFO [localhost-startStop-1] org.apache.catalina.startup.HostConfig.deployDirectory Deploying web application directory D:\tomcat\webapps\host-manager
31-May-2016 12:15:27.453 INFO [localhost-startStop-1] org.apache.jasper.servlet.TldScanner.scanJars At least one JAR was scanned for TLDs yet contained no TLDs. Enable debug logging for this logger for a complete list of JARs that were scanned but no TLDs were found in them. Skipping unneeded JARs during scanning can improve startup time and JSP compilation time.
31-May-2016 12:15:27.468 INFO [localhost-startStop-1] org.apache.catalina.startup.HostConfig.deployDirectory Deployment of web application directory D:\tomcat\webapps\host-manager has finished in 47 ms
31-May-2016 12:15:27.468 INFO [localhost-startStop-1] org.apache.catalina.startup.HostConfig.deployDirectory Deploying web application directory D:\tomcat\webapps\manager
31-May-2016 12:15:27.500 INFO [localhost-startStop-1] org.apache.jasper.servlet.TldScanner.scanJars At least one JAR was scanned for TLDs yet contained no TLDs. Enable debug logging for this logger for a complete list of JARs that were scanned but no TLDs were found in them. Skipping unneeded JARs during scanning can improve startup time and JSP compilation time.
31-May-2016 12:15:27.500 INFO [localhost-startStop-1] org.apache.catalina.startup.HostConfig.deployDirectory Deployment of web application directory D:\tomcat\webapps\manager has finished in 32 ms
31-May-2016 12:15:27.500 INFO [localhost-startStop-1] org.apache.catalina.startup.HostConfig.deployDirectory Deploying web application directory D:\tomcat\webapps\ROOT
31-May-2016 12:15:27.546 INFO [localhost-startStop-1] org.apache.jasper.servlet.TldScanner.scanJars At least one JAR was scanned for TLDs yet contained no TLDs. Enable debug logging for this logger for a complete list of JARs that were scanned but no TLDs were found in them. Skipping unneeded JARs during scanning can improve startup time and JSP compilation time.
31-May-2016 12:15:27.546 INFO [localhost-startStop-1] org.apache.catalina.startup.HostConfig.deployDirectory Deployment of web application directory D:\tomcat\webapps\ROOT has finished in 46 ms
31-May-2016 12:15:27.546 INFO [localhost-startStop-1] org.apache.catalina.startup.HostConfig.deployDirectory Deploying web application directory D:\tomcat\webapps\xml
31-May-2016 12:15:27.578 INFO [localhost-startStop-1] org.apache.jasper.servlet.TldScanner.scanJars At least one JAR was scanned for TLDs yet contained no TLDs. Enable debug logging for this logger for a complete list of JARs that were scanned but no TLDs were found in them. Skipping unneeded JARs during scanning can improve startup time and JSP compilation time.
31-May-2016 12:15:27.593 INFO [localhost-startStop-1] org.apache.catalina.startup.HostConfig.deployDirectory Deployment of web application directory D:\tomcat\webapps\xml has finished in 32 ms
31-May-2016 12:15:27.593 INFO [main] org.apache.coyote.AbstractProtocol.start Starting ProtocolHandler ["http-apr-8080"]
31-May-2016 12:15:27.734 INFO [main] org.apache.coyote.AbstractProtocol.start Starting ProtocolHandler ["ajp-apr-8009"]
31-May-2016 12:15:27.890 INFO [main] org.apache.catalina.startup.Catalina.start Server startup in 1488 ms
31-May-2016 12:40:43.373 INFO [Thread-4] org.apache.coyote.AbstractProtocol.pause Pausing ProtocolHandler ["http-apr-8080"]
31-May-2016 12:40:43.435 INFO [Thread-4] org.apache.coyote.AbstractProtocol.pause Pausing ProtocolHandler ["ajp-apr-8009"]
31-May-2016 12:40:43.498 INFO [Thread-4] org.apache.catalina.core.StandardService.stopInternal Stopping service Catalina
31-May-2016 12:40:43.545 INFO [Thread-4] org.apache.coyote.AbstractProtocol.stop Stopping ProtocolHandler ["http-apr-8080"]
31-May-2016 12:40:43.607 INFO [Thread-4] org.apache.coyote.AbstractProtocol.stop Stopping ProtocolHandler ["ajp-apr-8009"]
31-May-2016 12:40:43.670 INFO [Thread-4] org.apache.coyote.AbstractProtocol.destroy Destroying ProtocolHandler ["http-apr-8080"]
31-May-2016 12:40:43.670 INFO [Thread-4] org.apache.coyote.AbstractProtocol.destroy Destroying ProtocolHandler ["ajp-apr-8009"]
