10-May-2016 11:01:49.911 INFO [main] org.apache.catalina.startup.VersionLoggerListener.log Server version:        Apache Tomcat/8.0.33
10-May-2016 11:01:49.911 INFO [main] org.apache.catalina.startup.VersionLoggerListener.log Server built:          Mar 18 2016 20:31:49 UTC
10-May-2016 11:01:49.911 INFO [main] org.apache.catalina.startup.VersionLoggerListener.log Server number:         8.0.33.0
10-May-2016 11:01:49.911 INFO [main] org.apache.catalina.startup.VersionLoggerListener.log OS Name:               Windows 8.1
10-May-2016 11:01:49.911 INFO [main] org.apache.catalina.startup.VersionLoggerListener.log OS Version:            6.3
10-May-2016 11:01:49.911 INFO [main] org.apache.catalina.startup.VersionLoggerListener.log Architecture:          amd64
10-May-2016 11:01:49.911 INFO [main] org.apache.catalina.startup.VersionLoggerListener.log Java Home:             c:\java\jdk\jre
10-May-2016 11:01:49.911 INFO [main] org.apache.catalina.startup.VersionLoggerListener.log JVM Version:           1.8.0_60-b27
10-May-2016 11:01:49.911 INFO [main] org.apache.catalina.startup.VersionLoggerListener.log JVM Vendor:            Oracle Corporation
10-May-2016 11:01:49.911 INFO [main] org.apache.catalina.startup.VersionLoggerListener.log CATALINA_BASE:         D:\tomcat
10-May-2016 11:01:49.911 INFO [main] org.apache.catalina.startup.VersionLoggerListener.log CATALINA_HOME:         D:\tomcat
10-May-2016 11:01:49.911 INFO [main] org.apache.catalina.startup.VersionLoggerListener.log Command line argument: -Djava.util.logging.config.file=D:\tomcat\conf\logging.properties
10-May-2016 11:01:49.911 INFO [main] org.apache.catalina.startup.VersionLoggerListener.log Command line argument: -Djava.util.logging.manager=org.apache.juli.ClassLoaderLogManager
10-May-2016 11:01:49.911 INFO [main] org.apache.catalina.startup.VersionLoggerListener.log Command line argument: -Djava.endorsed.dirs=D:\tomcat\endorsed
10-May-2016 11:01:49.911 INFO [main] org.apache.catalina.startup.VersionLoggerListener.log Command line argument: -Dcatalina.base=D:\tomcat
10-May-2016 11:01:49.911 INFO [main] org.apache.catalina.startup.VersionLoggerListener.log Command line argument: -Dcatalina.home=D:\tomcat
10-May-2016 11:01:49.911 INFO [main] org.apache.catalina.startup.VersionLoggerListener.log Command line argument: -Djava.io.tmpdir=D:\tomcat\temp
10-May-2016 11:01:49.911 INFO [main] org.apache.catalina.core.AprLifecycleListener.lifecycleEvent Loaded APR based Apache Tomcat Native library 1.2.5 using APR version 1.5.1.
10-May-2016 11:01:49.911 INFO [main] org.apache.catalina.core.AprLifecycleListener.lifecycleEvent APR capabilities: IPv6 [true], sendfile [true], accept filters [false], random [true].
10-May-2016 11:01:50.471 INFO [main] org.apache.catalina.core.AprLifecycleListener.initializeSSL OpenSSL successfully initialized (OpenSSL 1.0.2g  1 Mar 2016)
10-May-2016 11:01:51.069 INFO [main] org.apache.coyote.AbstractProtocol.init Initializing ProtocolHandler ["http-apr-8080"]
10-May-2016 11:01:51.084 INFO [main] org.apache.coyote.AbstractProtocol.init Initializing ProtocolHandler ["ajp-apr-8009"]
10-May-2016 11:01:51.084 INFO [main] org.apache.catalina.startup.Catalina.load Initialization processed in 2041 ms
10-May-2016 11:01:51.225 INFO [main] org.apache.catalina.core.StandardService.startInternal Starting service Catalina
10-May-2016 11:01:51.225 INFO [main] org.apache.catalina.core.StandardEngine.startInternal Starting Servlet Engine: Apache Tomcat/8.0.33
10-May-2016 11:01:51.287 INFO [localhost-startStop-1] org.apache.catalina.startup.HostConfig.deployDirectory Deploying web application directory D:\tomcat\webapps\docs
10-May-2016 11:01:51.662 INFO [localhost-startStop-1] org.apache.catalina.startup.HostConfig.deployDirectory Deployment of web application directory D:\tomcat\webapps\docs has finished in 375 ms
10-May-2016 11:01:51.662 INFO [localhost-startStop-1] org.apache.catalina.startup.HostConfig.deployDirectory Deploying web application directory D:\tomcat\webapps\examples
10-May-2016 11:01:51.897 INFO [localhost-startStop-1] org.apache.catalina.startup.HostConfig.deployDirectory Deployment of web application directory D:\tomcat\webapps\examples has finished in 235 ms
10-May-2016 11:01:51.897 INFO [localhost-startStop-1] org.apache.catalina.startup.HostConfig.deployDirectory Deploying web application directory D:\tomcat\webapps\host-manager
10-May-2016 11:01:51.912 INFO [localhost-startStop-1] org.apache.catalina.startup.HostConfig.deployDirectory Deployment of web application directory D:\tomcat\webapps\host-manager has finished in 15 ms
10-May-2016 11:01:51.912 INFO [localhost-startStop-1] org.apache.catalina.startup.HostConfig.deployDirectory Deploying web application directory D:\tomcat\webapps\manager
10-May-2016 11:01:51.928 INFO [localhost-startStop-1] org.apache.catalina.startup.HostConfig.deployDirectory Deployment of web application directory D:\tomcat\webapps\manager has finished in 16 ms
10-May-2016 11:01:51.928 INFO [localhost-startStop-1] org.apache.catalina.startup.HostConfig.deployDirectory Deploying web application directory D:\tomcat\webapps\ROOT
10-May-2016 11:01:51.944 INFO [localhost-startStop-1] org.apache.catalina.startup.HostConfig.deployDirectory Deployment of web application directory D:\tomcat\webapps\ROOT has finished in 16 ms
10-May-2016 11:01:51.944 INFO [main] org.apache.coyote.AbstractProtocol.start Starting ProtocolHandler ["http-apr-8080"]
10-May-2016 11:01:52.100 INFO [main] org.apache.coyote.AbstractProtocol.start Starting ProtocolHandler ["ajp-apr-8009"]
10-May-2016 11:01:52.225 INFO [main] org.apache.catalina.startup.Catalina.start Server startup in 1135 ms
10-May-2016 11:03:42.045 INFO [localhost-startStop-2] org.apache.catalina.startup.HostConfig.deployDirectory Deploying web application directory D:\tomcat\webapps\xml
10-May-2016 11:03:42.107 INFO [localhost-startStop-2] org.apache.catalina.startup.HostConfig.deployDirectory Deployment of web application directory D:\tomcat\webapps\xml has finished in 62 ms
