10-May-2016 11:01:51.881 INFO [localhost-startStop-1] org.apache.catalina.core.ApplicationContext.log ContextListener: contextInitialized()
10-May-2016 11:01:51.881 INFO [localhost-startStop-1] org.apache.catalina.core.ApplicationContext.log SessionListener: contextInitialized()
10-May-2016 11:47:21.393 SEVERE [http-apr-8080-exec-2] org.apache.catalina.core.StandardWrapperValve.invoke Servlet.service() for servlet [jsp] in context with path [/xml] threw exception [Unable to compile class for JSP: 

An error occurred at line: 4 in the jsp file: /test_jsp_xslt.jsp
Syntax error on token "public", new expected
1: <%@page contentType="text/html" pageEncoding="Big5" import="java.lang.*,java.util.*,javax.xml.parsers.*,org.xml.sax.*,org.w3c.dom.*,java.io.*, javax.xml.transform.stream.*,javax.xml.transform.*" %>
2: 
3: <%
4:    public test_xslt_api() {}
5: 
6:    // 廿HTMLゅン
7:    public void buildHTML(String xmlData,


An error occurred at line: 4 in the jsp file: /test_jsp_xslt.jsp
test_xslt_api cannot be resolved to a type
1: <%@page contentType="text/html" pageEncoding="Big5" import="java.lang.*,java.util.*,javax.xml.parsers.*,org.xml.sax.*,org.w3c.dom.*,java.io.*, javax.xml.transform.stream.*,javax.xml.transform.*" %>
2: 
3: <%
4:    public test_xslt_api() {}
5: 
6:    // 廿HTMLゅン
7:    public void buildHTML(String xmlData,


An error occurred at line: 4 in the jsp file: /test_jsp_xslt.jsp
Syntax error on token "}", delete this token
1: <%@page contentType="text/html" pageEncoding="Big5" import="java.lang.*,java.util.*,javax.xml.parsers.*,org.xml.sax.*,org.w3c.dom.*,java.io.*, javax.xml.transform.stream.*,javax.xml.transform.*" %>
2: 
3: <%
4:    public test_xslt_api() {}
5: 
6:    // 廿HTMLゅン
7:    public void buildHTML(String xmlData,


An error occurred at line: [161] in the generated java file: [D:\tomcat\work\Catalina\localhost\xml\org\apache\jsp\test_005fjsp_005fxslt_jsp.java]
Syntax error, insert ";" to complete Statement

An error occurred at line: [161] in the generated java file: [D:\tomcat\work\Catalina\localhost\xml\org\apache\jsp\test_005fjsp_005fxslt_jsp.java]
Syntax error, insert "}" to complete Block

Stacktrace:] with root cause
 org.apache.jasper.JasperException: Unable to compile class for JSP: 

An error occurred at line: 4 in the jsp file: /test_jsp_xslt.jsp
Syntax error on token "public", new expected
1: <%@page contentType="text/html" pageEncoding="Big5" import="java.lang.*,java.util.*,javax.xml.parsers.*,org.xml.sax.*,org.w3c.dom.*,java.io.*, javax.xml.transform.stream.*,javax.xml.transform.*" %>
2: 
3: <%
4:    public test_xslt_api() {}
5: 
6:    // 廿HTMLゅン
7:    public void buildHTML(String xmlData,


An error occurred at line: 4 in the jsp file: /test_jsp_xslt.jsp
test_xslt_api cannot be resolved to a type
1: <%@page contentType="text/html" pageEncoding="Big5" import="java.lang.*,java.util.*,javax.xml.parsers.*,org.xml.sax.*,org.w3c.dom.*,java.io.*, javax.xml.transform.stream.*,javax.xml.transform.*" %>
2: 
3: <%
4:    public test_xslt_api() {}
5: 
6:    // 廿HTMLゅン
7:    public void buildHTML(String xmlData,


An error occurred at line: 4 in the jsp file: /test_jsp_xslt.jsp
Syntax error on token "}", delete this token
1: <%@page contentType="text/html" pageEncoding="Big5" import="java.lang.*,java.util.*,javax.xml.parsers.*,org.xml.sax.*,org.w3c.dom.*,java.io.*, javax.xml.transform.stream.*,javax.xml.transform.*" %>
2: 
3: <%
4:    public test_xslt_api() {}
5: 
6:    // 廿HTMLゅン
7:    public void buildHTML(String xmlData,


An error occurred at line: [161] in the generated java file: [D:\tomcat\work\Catalina\localhost\xml\org\apache\jsp\test_005fjsp_005fxslt_jsp.java]
Syntax error, insert ";" to complete Statement

An error occurred at line: [161] in the generated java file: [D:\tomcat\work\Catalina\localhost\xml\org\apache\jsp\test_005fjsp_005fxslt_jsp.java]
Syntax error, insert "}" to complete Block

Stacktrace:
	at org.apache.jasper.compiler.DefaultErrorHandler.javacError(DefaultErrorHandler.java:102)
	at org.apache.jasper.compiler.ErrorDispatcher.javacError(ErrorDispatcher.java:198)
	at org.apache.jasper.compiler.JDTCompiler.generateClass(JDTCompiler.java:457)
	at org.apache.jasper.compiler.Compiler.compile(Compiler.java:361)
	at org.apache.jasper.compiler.Compiler.compile(Compiler.java:336)
	at org.apache.jasper.compiler.Compiler.compile(Compiler.java:323)
	at org.apache.jasper.JspCompilationContext.compile(JspCompilationContext.java:585)
	at org.apache.jasper.servlet.JspServletWrapper.service(JspServletWrapper.java:363)
	at org.apache.jasper.servlet.JspServlet.serviceJspFile(JspServlet.java:396)
	at org.apache.jasper.servlet.JspServlet.service(JspServlet.java:340)
	at javax.servlet.http.HttpServlet.service(HttpServlet.java:729)
	at org.apache.catalina.core.ApplicationFilterChain.internalDoFilter(ApplicationFilterChain.java:292)
	at org.apache.catalina.core.ApplicationFilterChain.doFilter(ApplicationFilterChain.java:207)
	at org.apache.tomcat.websocket.server.WsFilter.doFilter(WsFilter.java:52)
	at org.apache.catalina.core.ApplicationFilterChain.internalDoFilter(ApplicationFilterChain.java:240)
	at org.apache.catalina.core.ApplicationFilterChain.doFilter(ApplicationFilterChain.java:207)
	at org.apache.catalina.core.StandardWrapperValve.invoke(StandardWrapperValve.java:212)
	at org.apache.catalina.core.StandardContextValve.invoke(StandardContextValve.java:106)
	at org.apache.catalina.authenticator.AuthenticatorBase.invoke(AuthenticatorBase.java:502)
	at org.apache.catalina.core.StandardHostValve.invoke(StandardHostValve.java:141)
	at org.apache.catalina.valves.ErrorReportValve.invoke(ErrorReportValve.java:79)
	at org.apache.catalina.valves.AbstractAccessLogValve.invoke(AbstractAccessLogValve.java:616)
	at org.apache.catalina.core.StandardEngineValve.invoke(StandardEngineValve.java:88)
	at org.apache.catalina.connector.CoyoteAdapter.service(CoyoteAdapter.java:522)
	at org.apache.coyote.http11.AbstractHttp11Processor.process(AbstractHttp11Processor.java:1095)
	at org.apache.coyote.AbstractProtocol$AbstractConnectionHandler.process(AbstractProtocol.java:672)
	at org.apache.tomcat.util.net.AprEndpoint$SocketProcessor.doRun(AprEndpoint.java:2500)
	at org.apache.tomcat.util.net.AprEndpoint$SocketProcessor.run(AprEndpoint.java:2489)
	at java.util.concurrent.ThreadPoolExecutor.runWorker(ThreadPoolExecutor.java:1142)
	at java.util.concurrent.ThreadPoolExecutor$Worker.run(ThreadPoolExecutor.java:617)
	at org.apache.tomcat.util.threads.TaskThread$WrappingRunnable.run(TaskThread.java:61)
	at java.lang.Thread.run(Thread.java:745)

10-May-2016 11:48:15.368 SEVERE [http-apr-8080-exec-5] org.apache.catalina.core.StandardWrapperValve.invoke Servlet.service() for servlet [jsp] in context with path [/xml] threw exception [Unable to compile class for JSP: 

An error occurred at line: 5 in the jsp file: /test_jsp_xslt.jsp
void is an invalid type for the variable buildHTML
2: 
3: <%
4:    // 廿HTMLゅン
5:    public void buildHTML(String xmlData,
6:      String htmlFile, String xsltFile) throws Exception {
7:       // 廿TransformerFactoryン
8:       TransformerFactory tff = TransformerFactory.newInstance();


An error occurred at line: 5 in the jsp file: /test_jsp_xslt.jsp
Syntax error on token "(", ; expected
2: 
3: <%
4:    // 廿HTMLゅン
5:    public void buildHTML(String xmlData,
6:      String htmlFile, String xsltFile) throws Exception {
7:       // 廿TransformerFactoryン
8:       TransformerFactory tff = TransformerFactory.newInstance();


An error occurred at line: 5 in the jsp file: /test_jsp_xslt.jsp
Syntax error on token ",", ; expected
2: 
3: <%
4:    // 廿HTMLゅン
5:    public void buildHTML(String xmlData,
6:      String htmlFile, String xsltFile) throws Exception {
7:       // 廿TransformerFactoryン
8:       TransformerFactory tff = TransformerFactory.newInstance();


An error occurred at line: 6 in the jsp file: /test_jsp_xslt.jsp
Syntax error on token ",", ; expected
3: <%
4:    // 廿HTMLゅン
5:    public void buildHTML(String xmlData,
6:      String htmlFile, String xsltFile) throws Exception {
7:       // 廿TransformerFactoryン
8:       TransformerFactory tff = TransformerFactory.newInstance();
9:       // 廿Transformerン


An error occurred at line: 6 in the jsp file: /test_jsp_xslt.jsp
Syntax error, insert ";" to complete LocalVariableDeclarationStatement
3: <%
4:    // 廿HTMLゅン
5:    public void buildHTML(String xmlData,
6:      String htmlFile, String xsltFile) throws Exception {
7:       // 廿TransformerFactoryン
8:       TransformerFactory tff = TransformerFactory.newInstance();
9:       // 廿Transformerン


An error occurred at line: 17 in the jsp file: /test_jsp_xslt.jsp
Syntax error on token "(", ; expected
14:       System.out.println("XSLT锣传Θ\:"+htmlFile);
15:    }
16:    // D{Α
17:    public static void main(String[] args) throws Exception {  
18:       String htmlFile = "test_jsp_xslt.html";
19:       String xsltFile = "Books.xslt";
20:       String xmlFile = "Books.xml";


An error occurred at line: 17 in the jsp file: /test_jsp_xslt.jsp
Syntax error, insert ";" to complete LocalVariableDeclarationStatement
14:       System.out.println("XSLT锣传Θ\:"+htmlFile);
15:    }
16:    // D{Α
17:    public static void main(String[] args) throws Exception {  
18:       String htmlFile = "test_jsp_xslt.html";
19:       String xsltFile = "Books.xslt";
20:       String xmlFile = "Books.xml";


Stacktrace:] with root cause
 org.apache.jasper.JasperException: Unable to compile class for JSP: 

An error occurred at line: 5 in the jsp file: /test_jsp_xslt.jsp
void is an invalid type for the variable buildHTML
2: 
3: <%
4:    // 廿HTMLゅン
5:    public void buildHTML(String xmlData,
6:      String htmlFile, String xsltFile) throws Exception {
7:       // 廿TransformerFactoryン
8:       TransformerFactory tff = TransformerFactory.newInstance();


An error occurred at line: 5 in the jsp file: /test_jsp_xslt.jsp
Syntax error on token "(", ; expected
2: 
3: <%
4:    // 廿HTMLゅン
5:    public void buildHTML(String xmlData,
6:      String htmlFile, String xsltFile) throws Exception {
7:       // 廿TransformerFactoryン
8:       TransformerFactory tff = TransformerFactory.newInstance();


An error occurred at line: 5 in the jsp file: /test_jsp_xslt.jsp
Syntax error on token ",", ; expected
2: 
3: <%
4:    // 廿HTMLゅン
5:    public void buildHTML(String xmlData,
6:      String htmlFile, String xsltFile) throws Exception {
7:       // 廿TransformerFactoryン
8:       TransformerFactory tff = TransformerFactory.newInstance();


An error occurred at line: 6 in the jsp file: /test_jsp_xslt.jsp
Syntax error on token ",", ; expected
3: <%
4:    // 廿HTMLゅン
5:    public void buildHTML(String xmlData,
6:      String htmlFile, String xsltFile) throws Exception {
7:       // 廿TransformerFactoryン
8:       TransformerFactory tff = TransformerFactory.newInstance();
9:       // 廿Transformerン


An error occurred at line: 6 in the jsp file: /test_jsp_xslt.jsp
Syntax error, insert ";" to complete LocalVariableDeclarationStatement
3: <%
4:    // 廿HTMLゅン
5:    public void buildHTML(String xmlData,
6:      String htmlFile, String xsltFile) throws Exception {
7:       // 廿TransformerFactoryン
8:       TransformerFactory tff = TransformerFactory.newInstance();
9:       // 廿Transformerン


An error occurred at line: 17 in the jsp file: /test_jsp_xslt.jsp
Syntax error on token "(", ; expected
14:       System.out.println("XSLT锣传Θ\:"+htmlFile);
15:    }
16:    // D{Α
17:    public static void main(String[] args) throws Exception {  
18:       String htmlFile = "test_jsp_xslt.html";
19:       String xsltFile = "Books.xslt";
20:       String xmlFile = "Books.xml";


An error occurred at line: 17 in the jsp file: /test_jsp_xslt.jsp
Syntax error, insert ";" to complete LocalVariableDeclarationStatement
14:       System.out.println("XSLT锣传Θ\:"+htmlFile);
15:    }
16:    // D{Α
17:    public static void main(String[] args) throws Exception {  
18:       String htmlFile = "test_jsp_xslt.html";
19:       String xsltFile = "Books.xslt";
20:       String xmlFile = "Books.xml";


Stacktrace:
	at org.apache.jasper.compiler.DefaultErrorHandler.javacError(DefaultErrorHandler.java:102)
	at org.apache.jasper.compiler.ErrorDispatcher.javacError(ErrorDispatcher.java:198)
	at org.apache.jasper.compiler.JDTCompiler.generateClass(JDTCompiler.java:457)
	at org.apache.jasper.compiler.Compiler.compile(Compiler.java:361)
	at org.apache.jasper.compiler.Compiler.compile(Compiler.java:336)
	at org.apache.jasper.compiler.Compiler.compile(Compiler.java:323)
	at org.apache.jasper.JspCompilationContext.compile(JspCompilationContext.java:585)
	at org.apache.jasper.servlet.JspServletWrapper.service(JspServletWrapper.java:363)
	at org.apache.jasper.servlet.JspServlet.serviceJspFile(JspServlet.java:396)
	at org.apache.jasper.servlet.JspServlet.service(JspServlet.java:340)
	at javax.servlet.http.HttpServlet.service(HttpServlet.java:729)
	at org.apache.catalina.core.ApplicationFilterChain.internalDoFilter(ApplicationFilterChain.java:292)
	at org.apache.catalina.core.ApplicationFilterChain.doFilter(ApplicationFilterChain.java:207)
	at org.apache.tomcat.websocket.server.WsFilter.doFilter(WsFilter.java:52)
	at org.apache.catalina.core.ApplicationFilterChain.internalDoFilter(ApplicationFilterChain.java:240)
	at org.apache.catalina.core.ApplicationFilterChain.doFilter(ApplicationFilterChain.java:207)
	at org.apache.catalina.core.StandardWrapperValve.invoke(StandardWrapperValve.java:212)
	at org.apache.catalina.core.StandardContextValve.invoke(StandardContextValve.java:106)
	at org.apache.catalina.authenticator.AuthenticatorBase.invoke(AuthenticatorBase.java:502)
	at org.apache.catalina.core.StandardHostValve.invoke(StandardHostValve.java:141)
	at org.apache.catalina.valves.ErrorReportValve.invoke(ErrorReportValve.java:79)
	at org.apache.catalina.valves.AbstractAccessLogValve.invoke(AbstractAccessLogValve.java:616)
	at org.apache.catalina.core.StandardEngineValve.invoke(StandardEngineValve.java:88)
	at org.apache.catalina.connector.CoyoteAdapter.service(CoyoteAdapter.java:522)
	at org.apache.coyote.http11.AbstractHttp11Processor.process(AbstractHttp11Processor.java:1095)
	at org.apache.coyote.AbstractProtocol$AbstractConnectionHandler.process(AbstractProtocol.java:672)
	at org.apache.tomcat.util.net.AprEndpoint$SocketProcessor.doRun(AprEndpoint.java:2500)
	at org.apache.tomcat.util.net.AprEndpoint$SocketProcessor.run(AprEndpoint.java:2489)
	at java.util.concurrent.ThreadPoolExecutor.runWorker(ThreadPoolExecutor.java:1142)
	at java.util.concurrent.ThreadPoolExecutor$Worker.run(ThreadPoolExecutor.java:617)
	at org.apache.tomcat.util.threads.TaskThread$WrappingRunnable.run(TaskThread.java:61)
	at java.lang.Thread.run(Thread.java:745)

10-May-2016 11:49:31.976 SEVERE [http-apr-8080-exec-8] org.apache.catalina.core.StandardWrapperValve.invoke Servlet.service() for servlet [jsp] in context with path [/xml] threw exception [Unable to compile class for JSP: 

An error occurred at line: 5 in the jsp file: /test_jsp_xslt.jsp
void is an invalid type for the variable buildHTML
2: 
3: <%
4:    // 廿HTMLゅン
5:    public void buildHTML(String xmlData, String htmlFile, String xsltFile) throws Exception {
6:       // 廿TransformerFactoryン
7:       TransformerFactory tff = TransformerFactory.newInstance();
8:       // 廿Transformerン


An error occurred at line: 5 in the jsp file: /test_jsp_xslt.jsp
Syntax error on token "(", ; expected
2: 
3: <%
4:    // 廿HTMLゅン
5:    public void buildHTML(String xmlData, String htmlFile, String xsltFile) throws Exception {
6:       // 廿TransformerFactoryン
7:       TransformerFactory tff = TransformerFactory.newInstance();
8:       // 廿Transformerン


An error occurred at line: 5 in the jsp file: /test_jsp_xslt.jsp
Syntax error on token ",", ; expected
2: 
3: <%
4:    // 廿HTMLゅン
5:    public void buildHTML(String xmlData, String htmlFile, String xsltFile) throws Exception {
6:       // 廿TransformerFactoryン
7:       TransformerFactory tff = TransformerFactory.newInstance();
8:       // 廿Transformerン


An error occurred at line: 5 in the jsp file: /test_jsp_xslt.jsp
Syntax error on token ",", ; expected
2: 
3: <%
4:    // 廿HTMLゅン
5:    public void buildHTML(String xmlData, String htmlFile, String xsltFile) throws Exception {
6:       // 廿TransformerFactoryン
7:       TransformerFactory tff = TransformerFactory.newInstance();
8:       // 廿Transformerン


An error occurred at line: 5 in the jsp file: /test_jsp_xslt.jsp
Syntax error, insert ";" to complete LocalVariableDeclarationStatement
2: 
3: <%
4:    // 廿HTMLゅン
5:    public void buildHTML(String xmlData, String htmlFile, String xsltFile) throws Exception {
6:       // 廿TransformerFactoryン
7:       TransformerFactory tff = TransformerFactory.newInstance();
8:       // 廿Transformerン


An error occurred at line: 16 in the jsp file: /test_jsp_xslt.jsp
Syntax error on token "(", ; expected
13:       System.out.println("XSLT锣传Θ\:"+htmlFile);
14:    }
15:    // D{Α
16:    public static void main(String[] args) throws Exception {  
17:       String htmlFile = "test_jsp_xslt.html";
18:       String xsltFile = "Books.xslt";
19:       String xmlFile = "Books.xml";


An error occurred at line: 16 in the jsp file: /test_jsp_xslt.jsp
Syntax error, insert ";" to complete LocalVariableDeclarationStatement
13:       System.out.println("XSLT锣传Θ\:"+htmlFile);
14:    }
15:    // D{Α
16:    public static void main(String[] args) throws Exception {  
17:       String htmlFile = "test_jsp_xslt.html";
18:       String xsltFile = "Books.xslt";
19:       String xmlFile = "Books.xml";


Stacktrace:] with root cause
 org.apache.jasper.JasperException: Unable to compile class for JSP: 

An error occurred at line: 5 in the jsp file: /test_jsp_xslt.jsp
void is an invalid type for the variable buildHTML
2: 
3: <%
4:    // 廿HTMLゅン
5:    public void buildHTML(String xmlData, String htmlFile, String xsltFile) throws Exception {
6:       // 廿TransformerFactoryン
7:       TransformerFactory tff = TransformerFactory.newInstance();
8:       // 廿Transformerン


An error occurred at line: 5 in the jsp file: /test_jsp_xslt.jsp
Syntax error on token "(", ; expected
2: 
3: <%
4:    // 廿HTMLゅン
5:    public void buildHTML(String xmlData, String htmlFile, String xsltFile) throws Exception {
6:       // 廿TransformerFactoryン
7:       TransformerFactory tff = TransformerFactory.newInstance();
8:       // 廿Transformerン


An error occurred at line: 5 in the jsp file: /test_jsp_xslt.jsp
Syntax error on token ",", ; expected
2: 
3: <%
4:    // 廿HTMLゅン
5:    public void buildHTML(String xmlData, String htmlFile, String xsltFile) throws Exception {
6:       // 廿TransformerFactoryン
7:       TransformerFactory tff = TransformerFactory.newInstance();
8:       // 廿Transformerン


An error occurred at line: 5 in the jsp file: /test_jsp_xslt.jsp
Syntax error on token ",", ; expected
2: 
3: <%
4:    // 廿HTMLゅン
5:    public void buildHTML(String xmlData, String htmlFile, String xsltFile) throws Exception {
6:       // 廿TransformerFactoryン
7:       TransformerFactory tff = TransformerFactory.newInstance();
8:       // 廿Transformerン


An error occurred at line: 5 in the jsp file: /test_jsp_xslt.jsp
Syntax error, insert ";" to complete LocalVariableDeclarationStatement
2: 
3: <%
4:    // 廿HTMLゅン
5:    public void buildHTML(String xmlData, String htmlFile, String xsltFile) throws Exception {
6:       // 廿TransformerFactoryン
7:       TransformerFactory tff = TransformerFactory.newInstance();
8:       // 廿Transformerン


An error occurred at line: 16 in the jsp file: /test_jsp_xslt.jsp
Syntax error on token "(", ; expected
13:       System.out.println("XSLT锣传Θ\:"+htmlFile);
14:    }
15:    // D{Α
16:    public static void main(String[] args) throws Exception {  
17:       String htmlFile = "test_jsp_xslt.html";
18:       String xsltFile = "Books.xslt";
19:       String xmlFile = "Books.xml";


An error occurred at line: 16 in the jsp file: /test_jsp_xslt.jsp
Syntax error, insert ";" to complete LocalVariableDeclarationStatement
13:       System.out.println("XSLT锣传Θ\:"+htmlFile);
14:    }
15:    // D{Α
16:    public static void main(String[] args) throws Exception {  
17:       String htmlFile = "test_jsp_xslt.html";
18:       String xsltFile = "Books.xslt";
19:       String xmlFile = "Books.xml";


Stacktrace:
	at org.apache.jasper.compiler.DefaultErrorHandler.javacError(DefaultErrorHandler.java:102)
	at org.apache.jasper.compiler.ErrorDispatcher.javacError(ErrorDispatcher.java:198)
	at org.apache.jasper.compiler.JDTCompiler.generateClass(JDTCompiler.java:457)
	at org.apache.jasper.compiler.Compiler.compile(Compiler.java:361)
	at org.apache.jasper.compiler.Compiler.compile(Compiler.java:336)
	at org.apache.jasper.compiler.Compiler.compile(Compiler.java:323)
	at org.apache.jasper.JspCompilationContext.compile(JspCompilationContext.java:585)
	at org.apache.jasper.servlet.JspServletWrapper.service(JspServletWrapper.java:363)
	at org.apache.jasper.servlet.JspServlet.serviceJspFile(JspServlet.java:396)
	at org.apache.jasper.servlet.JspServlet.service(JspServlet.java:340)
	at javax.servlet.http.HttpServlet.service(HttpServlet.java:729)
	at org.apache.catalina.core.ApplicationFilterChain.internalDoFilter(ApplicationFilterChain.java:292)
	at org.apache.catalina.core.ApplicationFilterChain.doFilter(ApplicationFilterChain.java:207)
	at org.apache.tomcat.websocket.server.WsFilter.doFilter(WsFilter.java:52)
	at org.apache.catalina.core.ApplicationFilterChain.internalDoFilter(ApplicationFilterChain.java:240)
	at org.apache.catalina.core.ApplicationFilterChain.doFilter(ApplicationFilterChain.java:207)
	at org.apache.catalina.core.StandardWrapperValve.invoke(StandardWrapperValve.java:212)
	at org.apache.catalina.core.StandardContextValve.invoke(StandardContextValve.java:106)
	at org.apache.catalina.authenticator.AuthenticatorBase.invoke(AuthenticatorBase.java:502)
	at org.apache.catalina.core.StandardHostValve.invoke(StandardHostValve.java:141)
	at org.apache.catalina.valves.ErrorReportValve.invoke(ErrorReportValve.java:79)
	at org.apache.catalina.valves.AbstractAccessLogValve.invoke(AbstractAccessLogValve.java:616)
	at org.apache.catalina.core.StandardEngineValve.invoke(StandardEngineValve.java:88)
	at org.apache.catalina.connector.CoyoteAdapter.service(CoyoteAdapter.java:522)
	at org.apache.coyote.http11.AbstractHttp11Processor.process(AbstractHttp11Processor.java:1095)
	at org.apache.coyote.AbstractProtocol$AbstractConnectionHandler.process(AbstractProtocol.java:672)
	at org.apache.tomcat.util.net.AprEndpoint$SocketProcessor.doRun(AprEndpoint.java:2500)
	at org.apache.tomcat.util.net.AprEndpoint$SocketProcessor.run(AprEndpoint.java:2489)
	at java.util.concurrent.ThreadPoolExecutor.runWorker(ThreadPoolExecutor.java:1142)
	at java.util.concurrent.ThreadPoolExecutor$Worker.run(ThreadPoolExecutor.java:617)
	at org.apache.tomcat.util.threads.TaskThread$WrappingRunnable.run(TaskThread.java:61)
	at java.lang.Thread.run(Thread.java:745)

10-May-2016 11:51:08.715 SEVERE [http-apr-8080-exec-4] org.apache.catalina.core.StandardWrapperValve.invoke Servlet.service() for servlet [jsp] in context with path [/xml] threw exception [Unable to compile class for JSP: 

An error occurred at line: 5 in the jsp file: /test_jsp_xslt.jsp
void is an invalid type for the variable buildHTML
2: 
3: <%
4:    // 廿HTMLゅン
5:    private void buildHTML(String xmlData, String htmlFile, String xsltFile) throws Exception {
6:       // 廿TransformerFactoryン
7:       TransformerFactory tff = TransformerFactory.newInstance();
8:       // 廿Transformerン


An error occurred at line: 5 in the jsp file: /test_jsp_xslt.jsp
Syntax error on token "(", ; expected
2: 
3: <%
4:    // 廿HTMLゅン
5:    private void buildHTML(String xmlData, String htmlFile, String xsltFile) throws Exception {
6:       // 廿TransformerFactoryン
7:       TransformerFactory tff = TransformerFactory.newInstance();
8:       // 廿Transformerン


An error occurred at line: 5 in the jsp file: /test_jsp_xslt.jsp
Syntax error on token ",", ; expected
2: 
3: <%
4:    // 廿HTMLゅン
5:    private void buildHTML(String xmlData, String htmlFile, String xsltFile) throws Exception {
6:       // 廿TransformerFactoryン
7:       TransformerFactory tff = TransformerFactory.newInstance();
8:       // 廿Transformerン


An error occurred at line: 5 in the jsp file: /test_jsp_xslt.jsp
Syntax error on token ",", ; expected
2: 
3: <%
4:    // 廿HTMLゅン
5:    private void buildHTML(String xmlData, String htmlFile, String xsltFile) throws Exception {
6:       // 廿TransformerFactoryン
7:       TransformerFactory tff = TransformerFactory.newInstance();
8:       // 廿Transformerン


An error occurred at line: 5 in the jsp file: /test_jsp_xslt.jsp
Syntax error, insert ";" to complete LocalVariableDeclarationStatement
2: 
3: <%
4:    // 廿HTMLゅン
5:    private void buildHTML(String xmlData, String htmlFile, String xsltFile) throws Exception {
6:       // 廿TransformerFactoryン
7:       TransformerFactory tff = TransformerFactory.newInstance();
8:       // 廿Transformerン


An error occurred at line: 16 in the jsp file: /test_jsp_xslt.jsp
Syntax error on token "(", ; expected
13:       System.out.println("XSLT锣传Θ\:"+htmlFile);
14:    }
15:    // D{Α
16:    public static void main(String[] args) throws Exception {  
17:       String htmlFile = "test_jsp_xslt.html";
18:       String xsltFile = "Books.xslt";
19:       String xmlFile = "Books.xml";


An error occurred at line: 16 in the jsp file: /test_jsp_xslt.jsp
Syntax error, insert ";" to complete LocalVariableDeclarationStatement
13:       System.out.println("XSLT锣传Θ\:"+htmlFile);
14:    }
15:    // D{Α
16:    public static void main(String[] args) throws Exception {  
17:       String htmlFile = "test_jsp_xslt.html";
18:       String xsltFile = "Books.xslt";
19:       String xmlFile = "Books.xml";


Stacktrace:] with root cause
 org.apache.jasper.JasperException: Unable to compile class for JSP: 

An error occurred at line: 5 in the jsp file: /test_jsp_xslt.jsp
void is an invalid type for the variable buildHTML
2: 
3: <%
4:    // 廿HTMLゅン
5:    private void buildHTML(String xmlData, String htmlFile, String xsltFile) throws Exception {
6:       // 廿TransformerFactoryン
7:       TransformerFactory tff = TransformerFactory.newInstance();
8:       // 廿Transformerン


An error occurred at line: 5 in the jsp file: /test_jsp_xslt.jsp
Syntax error on token "(", ; expected
2: 
3: <%
4:    // 廿HTMLゅン
5:    private void buildHTML(String xmlData, String htmlFile, String xsltFile) throws Exception {
6:       // 廿TransformerFactoryン
7:       TransformerFactory tff = TransformerFactory.newInstance();
8:       // 廿Transformerン


An error occurred at line: 5 in the jsp file: /test_jsp_xslt.jsp
Syntax error on token ",", ; expected
2: 
3: <%
4:    // 廿HTMLゅン
5:    private void buildHTML(String xmlData, String htmlFile, String xsltFile) throws Exception {
6:       // 廿TransformerFactoryン
7:       TransformerFactory tff = TransformerFactory.newInstance();
8:       // 廿Transformerン


An error occurred at line: 5 in the jsp file: /test_jsp_xslt.jsp
Syntax error on token ",", ; expected
2: 
3: <%
4:    // 廿HTMLゅン
5:    private void buildHTML(String xmlData, String htmlFile, String xsltFile) throws Exception {
6:       // 廿TransformerFactoryン
7:       TransformerFactory tff = TransformerFactory.newInstance();
8:       // 廿Transformerン


An error occurred at line: 5 in the jsp file: /test_jsp_xslt.jsp
Syntax error, insert ";" to complete LocalVariableDeclarationStatement
2: 
3: <%
4:    // 廿HTMLゅン
5:    private void buildHTML(String xmlData, String htmlFile, String xsltFile) throws Exception {
6:       // 廿TransformerFactoryン
7:       TransformerFactory tff = TransformerFactory.newInstance();
8:       // 廿Transformerン


An error occurred at line: 16 in the jsp file: /test_jsp_xslt.jsp
Syntax error on token "(", ; expected
13:       System.out.println("XSLT锣传Θ\:"+htmlFile);
14:    }
15:    // D{Α
16:    public static void main(String[] args) throws Exception {  
17:       String htmlFile = "test_jsp_xslt.html";
18:       String xsltFile = "Books.xslt";
19:       String xmlFile = "Books.xml";


An error occurred at line: 16 in the jsp file: /test_jsp_xslt.jsp
Syntax error, insert ";" to complete LocalVariableDeclarationStatement
13:       System.out.println("XSLT锣传Θ\:"+htmlFile);
14:    }
15:    // D{Α
16:    public static void main(String[] args) throws Exception {  
17:       String htmlFile = "test_jsp_xslt.html";
18:       String xsltFile = "Books.xslt";
19:       String xmlFile = "Books.xml";


Stacktrace:
	at org.apache.jasper.compiler.DefaultErrorHandler.javacError(DefaultErrorHandler.java:102)
	at org.apache.jasper.compiler.ErrorDispatcher.javacError(ErrorDispatcher.java:198)
	at org.apache.jasper.compiler.JDTCompiler.generateClass(JDTCompiler.java:457)
	at org.apache.jasper.compiler.Compiler.compile(Compiler.java:361)
	at org.apache.jasper.compiler.Compiler.compile(Compiler.java:336)
	at org.apache.jasper.compiler.Compiler.compile(Compiler.java:323)
	at org.apache.jasper.JspCompilationContext.compile(JspCompilationContext.java:585)
	at org.apache.jasper.servlet.JspServletWrapper.service(JspServletWrapper.java:363)
	at org.apache.jasper.servlet.JspServlet.serviceJspFile(JspServlet.java:396)
	at org.apache.jasper.servlet.JspServlet.service(JspServlet.java:340)
	at javax.servlet.http.HttpServlet.service(HttpServlet.java:729)
	at org.apache.catalina.core.ApplicationFilterChain.internalDoFilter(ApplicationFilterChain.java:292)
	at org.apache.catalina.core.ApplicationFilterChain.doFilter(ApplicationFilterChain.java:207)
	at org.apache.tomcat.websocket.server.WsFilter.doFilter(WsFilter.java:52)
	at org.apache.catalina.core.ApplicationFilterChain.internalDoFilter(ApplicationFilterChain.java:240)
	at org.apache.catalina.core.ApplicationFilterChain.doFilter(ApplicationFilterChain.java:207)
	at org.apache.catalina.core.StandardWrapperValve.invoke(StandardWrapperValve.java:212)
	at org.apache.catalina.core.StandardContextValve.invoke(StandardContextValve.java:106)
	at org.apache.catalina.authenticator.AuthenticatorBase.invoke(AuthenticatorBase.java:502)
	at org.apache.catalina.core.StandardHostValve.invoke(StandardHostValve.java:141)
	at org.apache.catalina.valves.ErrorReportValve.invoke(ErrorReportValve.java:79)
	at org.apache.catalina.valves.AbstractAccessLogValve.invoke(AbstractAccessLogValve.java:616)
	at org.apache.catalina.core.StandardEngineValve.invoke(StandardEngineValve.java:88)
	at org.apache.catalina.connector.CoyoteAdapter.service(CoyoteAdapter.java:522)
	at org.apache.coyote.http11.AbstractHttp11Processor.process(AbstractHttp11Processor.java:1095)
	at org.apache.coyote.AbstractProtocol$AbstractConnectionHandler.process(AbstractProtocol.java:672)
	at org.apache.tomcat.util.net.AprEndpoint$SocketProcessor.doRun(AprEndpoint.java:2500)
	at org.apache.tomcat.util.net.AprEndpoint$SocketProcessor.run(AprEndpoint.java:2489)
	at java.util.concurrent.ThreadPoolExecutor.runWorker(ThreadPoolExecutor.java:1142)
	at java.util.concurrent.ThreadPoolExecutor$Worker.run(ThreadPoolExecutor.java:617)
	at org.apache.tomcat.util.threads.TaskThread$WrappingRunnable.run(TaskThread.java:61)
	at java.lang.Thread.run(Thread.java:745)

10-May-2016 11:53:58.264 SEVERE [http-apr-8080-exec-10] org.apache.catalina.core.StandardWrapperValve.invoke Servlet.service() for servlet [jsp] in context with path [/xml] threw exception [Unable to compile class for JSP: 

An error occurred at line: 5 in the jsp file: /test_jsp_xslt.jsp
void is an invalid type for the variable buildHTML
2: 
3: <%
4:    // 廿HTMLゅン
5:    public void buildHTML(String xmlData, String htmlFile, String xsltFile) throws Exception {
6:       // 廿TransformerFactoryン
7:       TransformerFactory tff = TransformerFactory.newInstance();
8:       // 廿Transformerン


An error occurred at line: 5 in the jsp file: /test_jsp_xslt.jsp
Syntax error on token "(", ; expected
2: 
3: <%
4:    // 廿HTMLゅン
5:    public void buildHTML(String xmlData, String htmlFile, String xsltFile) throws Exception {
6:       // 廿TransformerFactoryン
7:       TransformerFactory tff = TransformerFactory.newInstance();
8:       // 廿Transformerン


An error occurred at line: 5 in the jsp file: /test_jsp_xslt.jsp
Syntax error on token ",", ; expected
2: 
3: <%
4:    // 廿HTMLゅン
5:    public void buildHTML(String xmlData, String htmlFile, String xsltFile) throws Exception {
6:       // 廿TransformerFactoryン
7:       TransformerFactory tff = TransformerFactory.newInstance();
8:       // 廿Transformerン


An error occurred at line: 5 in the jsp file: /test_jsp_xslt.jsp
Syntax error on token ",", ; expected
2: 
3: <%
4:    // 廿HTMLゅン
5:    public void buildHTML(String xmlData, String htmlFile, String xsltFile) throws Exception {
6:       // 廿TransformerFactoryン
7:       TransformerFactory tff = TransformerFactory.newInstance();
8:       // 廿Transformerン


An error occurred at line: 5 in the jsp file: /test_jsp_xslt.jsp
Syntax error, insert ";" to complete LocalVariableDeclarationStatement
2: 
3: <%
4:    // 廿HTMLゅン
5:    public void buildHTML(String xmlData, String htmlFile, String xsltFile) throws Exception {
6:       // 廿TransformerFactoryン
7:       TransformerFactory tff = TransformerFactory.newInstance();
8:       // 廿Transformerン


Stacktrace:] with root cause
 org.apache.jasper.JasperException: Unable to compile class for JSP: 

An error occurred at line: 5 in the jsp file: /test_jsp_xslt.jsp
void is an invalid type for the variable buildHTML
2: 
3: <%
4:    // 廿HTMLゅン
5:    public void buildHTML(String xmlData, String htmlFile, String xsltFile) throws Exception {
6:       // 廿TransformerFactoryン
7:       TransformerFactory tff = TransformerFactory.newInstance();
8:       // 廿Transformerン


An error occurred at line: 5 in the jsp file: /test_jsp_xslt.jsp
Syntax error on token "(", ; expected
2: 
3: <%
4:    // 廿HTMLゅン
5:    public void buildHTML(String xmlData, String htmlFile, String xsltFile) throws Exception {
6:       // 廿TransformerFactoryン
7:       TransformerFactory tff = TransformerFactory.newInstance();
8:       // 廿Transformerン


An error occurred at line: 5 in the jsp file: /test_jsp_xslt.jsp
Syntax error on token ",", ; expected
2: 
3: <%
4:    // 廿HTMLゅン
5:    public void buildHTML(String xmlData, String htmlFile, String xsltFile) throws Exception {
6:       // 廿TransformerFactoryン
7:       TransformerFactory tff = TransformerFactory.newInstance();
8:       // 廿Transformerン


An error occurred at line: 5 in the jsp file: /test_jsp_xslt.jsp
Syntax error on token ",", ; expected
2: 
3: <%
4:    // 廿HTMLゅン
5:    public void buildHTML(String xmlData, String htmlFile, String xsltFile) throws Exception {
6:       // 廿TransformerFactoryン
7:       TransformerFactory tff = TransformerFactory.newInstance();
8:       // 廿Transformerン


An error occurred at line: 5 in the jsp file: /test_jsp_xslt.jsp
Syntax error, insert ";" to complete LocalVariableDeclarationStatement
2: 
3: <%
4:    // 廿HTMLゅン
5:    public void buildHTML(String xmlData, String htmlFile, String xsltFile) throws Exception {
6:       // 廿TransformerFactoryン
7:       TransformerFactory tff = TransformerFactory.newInstance();
8:       // 廿Transformerン


Stacktrace:
	at org.apache.jasper.compiler.DefaultErrorHandler.javacError(DefaultErrorHandler.java:102)
	at org.apache.jasper.compiler.ErrorDispatcher.javacError(ErrorDispatcher.java:198)
	at org.apache.jasper.compiler.JDTCompiler.generateClass(JDTCompiler.java:457)
	at org.apache.jasper.compiler.Compiler.compile(Compiler.java:361)
	at org.apache.jasper.compiler.Compiler.compile(Compiler.java:336)
	at org.apache.jasper.compiler.Compiler.compile(Compiler.java:323)
	at org.apache.jasper.JspCompilationContext.compile(JspCompilationContext.java:585)
	at org.apache.jasper.servlet.JspServletWrapper.service(JspServletWrapper.java:363)
	at org.apache.jasper.servlet.JspServlet.serviceJspFile(JspServlet.java:396)
	at org.apache.jasper.servlet.JspServlet.service(JspServlet.java:340)
	at javax.servlet.http.HttpServlet.service(HttpServlet.java:729)
	at org.apache.catalina.core.ApplicationFilterChain.internalDoFilter(ApplicationFilterChain.java:292)
	at org.apache.catalina.core.ApplicationFilterChain.doFilter(ApplicationFilterChain.java:207)
	at org.apache.tomcat.websocket.server.WsFilter.doFilter(WsFilter.java:52)
	at org.apache.catalina.core.ApplicationFilterChain.internalDoFilter(ApplicationFilterChain.java:240)
	at org.apache.catalina.core.ApplicationFilterChain.doFilter(ApplicationFilterChain.java:207)
	at org.apache.catalina.core.StandardWrapperValve.invoke(StandardWrapperValve.java:212)
	at org.apache.catalina.core.StandardContextValve.invoke(StandardContextValve.java:106)
	at org.apache.catalina.authenticator.AuthenticatorBase.invoke(AuthenticatorBase.java:502)
	at org.apache.catalina.core.StandardHostValve.invoke(StandardHostValve.java:141)
	at org.apache.catalina.valves.ErrorReportValve.invoke(ErrorReportValve.java:79)
	at org.apache.catalina.valves.AbstractAccessLogValve.invoke(AbstractAccessLogValve.java:616)
	at org.apache.catalina.core.StandardEngineValve.invoke(StandardEngineValve.java:88)
	at org.apache.catalina.connector.CoyoteAdapter.service(CoyoteAdapter.java:522)
	at org.apache.coyote.http11.AbstractHttp11Processor.process(AbstractHttp11Processor.java:1095)
	at org.apache.coyote.AbstractProtocol$AbstractConnectionHandler.process(AbstractProtocol.java:672)
	at org.apache.tomcat.util.net.AprEndpoint$SocketProcessor.doRun(AprEndpoint.java:2500)
	at org.apache.tomcat.util.net.AprEndpoint$SocketProcessor.run(AprEndpoint.java:2489)
	at java.util.concurrent.ThreadPoolExecutor.runWorker(ThreadPoolExecutor.java:1142)
	at java.util.concurrent.ThreadPoolExecutor$Worker.run(ThreadPoolExecutor.java:617)
	at org.apache.tomcat.util.threads.TaskThread$WrappingRunnable.run(TaskThread.java:61)
	at java.lang.Thread.run(Thread.java:745)

10-May-2016 11:55:42.344 SEVERE [http-apr-8080-exec-9] org.apache.catalina.core.StandardWrapperValve.invoke Servlet.service() for servlet [jsp] in context with path [/xml] threw exception [Unable to compile class for JSP: 

An error occurred at line: 5 in the jsp file: /test_jsp_xslt.jsp
void is an invalid type for the variable buildHTML
2: 
3: <%
4:    // 廿HTMLゅン
5:    public void buildHTML(String xmlData,String htmlFile,String xsltFile) throws Exception {
6:       // 廿TransformerFactoryン
7:       TransformerFactory tff = TransformerFactory.newInstance();
8:       // 廿Transformerン


An error occurred at line: 5 in the jsp file: /test_jsp_xslt.jsp
Syntax error on token "(", ; expected
2: 
3: <%
4:    // 廿HTMLゅン
5:    public void buildHTML(String xmlData,String htmlFile,String xsltFile) throws Exception {
6:       // 廿TransformerFactoryン
7:       TransformerFactory tff = TransformerFactory.newInstance();
8:       // 廿Transformerン


An error occurred at line: 5 in the jsp file: /test_jsp_xslt.jsp
Syntax error on token ",", ; expected
2: 
3: <%
4:    // 廿HTMLゅン
5:    public void buildHTML(String xmlData,String htmlFile,String xsltFile) throws Exception {
6:       // 廿TransformerFactoryン
7:       TransformerFactory tff = TransformerFactory.newInstance();
8:       // 廿Transformerン


An error occurred at line: 5 in the jsp file: /test_jsp_xslt.jsp
Syntax error on token ",", ; expected
2: 
3: <%
4:    // 廿HTMLゅン
5:    public void buildHTML(String xmlData,String htmlFile,String xsltFile) throws Exception {
6:       // 廿TransformerFactoryン
7:       TransformerFactory tff = TransformerFactory.newInstance();
8:       // 廿Transformerン


An error occurred at line: 5 in the jsp file: /test_jsp_xslt.jsp
Syntax error, insert ";" to complete LocalVariableDeclarationStatement
2: 
3: <%
4:    // 廿HTMLゅン
5:    public void buildHTML(String xmlData,String htmlFile,String xsltFile) throws Exception {
6:       // 廿TransformerFactoryン
7:       TransformerFactory tff = TransformerFactory.newInstance();
8:       // 廿Transformerン


Stacktrace:] with root cause
 org.apache.jasper.JasperException: Unable to compile class for JSP: 

An error occurred at line: 5 in the jsp file: /test_jsp_xslt.jsp
void is an invalid type for the variable buildHTML
2: 
3: <%
4:    // 廿HTMLゅン
5:    public void buildHTML(String xmlData,String htmlFile,String xsltFile) throws Exception {
6:       // 廿TransformerFactoryン
7:       TransformerFactory tff = TransformerFactory.newInstance();
8:       // 廿Transformerン


An error occurred at line: 5 in the jsp file: /test_jsp_xslt.jsp
Syntax error on token "(", ; expected
2: 
3: <%
4:    // 廿HTMLゅン
5:    public void buildHTML(String xmlData,String htmlFile,String xsltFile) throws Exception {
6:       // 廿TransformerFactoryン
7:       TransformerFactory tff = TransformerFactory.newInstance();
8:       // 廿Transformerン


An error occurred at line: 5 in the jsp file: /test_jsp_xslt.jsp
Syntax error on token ",", ; expected
2: 
3: <%
4:    // 廿HTMLゅン
5:    public void buildHTML(String xmlData,String htmlFile,String xsltFile) throws Exception {
6:       // 廿TransformerFactoryン
7:       TransformerFactory tff = TransformerFactory.newInstance();
8:       // 廿Transformerン


An error occurred at line: 5 in the jsp file: /test_jsp_xslt.jsp
Syntax error on token ",", ; expected
2: 
3: <%
4:    // 廿HTMLゅン
5:    public void buildHTML(String xmlData,String htmlFile,String xsltFile) throws Exception {
6:       // 廿TransformerFactoryン
7:       TransformerFactory tff = TransformerFactory.newInstance();
8:       // 廿Transformerン


An error occurred at line: 5 in the jsp file: /test_jsp_xslt.jsp
Syntax error, insert ";" to complete LocalVariableDeclarationStatement
2: 
3: <%
4:    // 廿HTMLゅン
5:    public void buildHTML(String xmlData,String htmlFile,String xsltFile) throws Exception {
6:       // 廿TransformerFactoryン
7:       TransformerFactory tff = TransformerFactory.newInstance();
8:       // 廿Transformerン


Stacktrace:
	at org.apache.jasper.compiler.DefaultErrorHandler.javacError(DefaultErrorHandler.java:102)
	at org.apache.jasper.compiler.ErrorDispatcher.javacError(ErrorDispatcher.java:198)
	at org.apache.jasper.compiler.JDTCompiler.generateClass(JDTCompiler.java:457)
	at org.apache.jasper.compiler.Compiler.compile(Compiler.java:361)
	at org.apache.jasper.compiler.Compiler.compile(Compiler.java:336)
	at org.apache.jasper.compiler.Compiler.compile(Compiler.java:323)
	at org.apache.jasper.JspCompilationContext.compile(JspCompilationContext.java:585)
	at org.apache.jasper.servlet.JspServletWrapper.service(JspServletWrapper.java:363)
	at org.apache.jasper.servlet.JspServlet.serviceJspFile(JspServlet.java:396)
	at org.apache.jasper.servlet.JspServlet.service(JspServlet.java:340)
	at javax.servlet.http.HttpServlet.service(HttpServlet.java:729)
	at org.apache.catalina.core.ApplicationFilterChain.internalDoFilter(ApplicationFilterChain.java:292)
	at org.apache.catalina.core.ApplicationFilterChain.doFilter(ApplicationFilterChain.java:207)
	at org.apache.tomcat.websocket.server.WsFilter.doFilter(WsFilter.java:52)
	at org.apache.catalina.core.ApplicationFilterChain.internalDoFilter(ApplicationFilterChain.java:240)
	at org.apache.catalina.core.ApplicationFilterChain.doFilter(ApplicationFilterChain.java:207)
	at org.apache.catalina.core.StandardWrapperValve.invoke(StandardWrapperValve.java:212)
	at org.apache.catalina.core.StandardContextValve.invoke(StandardContextValve.java:106)
	at org.apache.catalina.authenticator.AuthenticatorBase.invoke(AuthenticatorBase.java:502)
	at org.apache.catalina.core.StandardHostValve.invoke(StandardHostValve.java:141)
	at org.apache.catalina.valves.ErrorReportValve.invoke(ErrorReportValve.java:79)
	at org.apache.catalina.valves.AbstractAccessLogValve.invoke(AbstractAccessLogValve.java:616)
	at org.apache.catalina.core.StandardEngineValve.invoke(StandardEngineValve.java:88)
	at org.apache.catalina.connector.CoyoteAdapter.service(CoyoteAdapter.java:522)
	at org.apache.coyote.http11.AbstractHttp11Processor.process(AbstractHttp11Processor.java:1095)
	at org.apache.coyote.AbstractProtocol$AbstractConnectionHandler.process(AbstractProtocol.java:672)
	at org.apache.tomcat.util.net.AprEndpoint$SocketProcessor.doRun(AprEndpoint.java:2500)
	at org.apache.tomcat.util.net.AprEndpoint$SocketProcessor.run(AprEndpoint.java:2489)
	at java.util.concurrent.ThreadPoolExecutor.runWorker(ThreadPoolExecutor.java:1142)
	at java.util.concurrent.ThreadPoolExecutor$Worker.run(ThreadPoolExecutor.java:617)
	at org.apache.tomcat.util.threads.TaskThread$WrappingRunnable.run(TaskThread.java:61)
	at java.lang.Thread.run(Thread.java:745)

10-May-2016 12:12:24.987 SEVERE [http-apr-8080-exec-2] org.apache.catalina.core.StandardWrapperValve.invoke Servlet.service() for servlet [jsp] in context with path [/xml] threw exception [Unable to compile class for JSP: 

An error occurred at line: 13 in the jsp file: /test_jsp_xslt.jsp
StreanResult cannot be resolved to a type
10:       // 廿Transformerン
11:       Transformer tf = tff.newTransformer(new StreamSource(xsltData));
12:       // 锣传XML
13: 	  tf.transform(new StreamSource(xmlFile),new StreanResult(out));
14: %>


Stacktrace:] with root cause
 org.apache.jasper.JasperException: Unable to compile class for JSP: 

An error occurred at line: 13 in the jsp file: /test_jsp_xslt.jsp
StreanResult cannot be resolved to a type
10:       // 廿Transformerン
11:       Transformer tf = tff.newTransformer(new StreamSource(xsltData));
12:       // 锣传XML
13: 	  tf.transform(new StreamSource(xmlFile),new StreanResult(out));
14: %>


Stacktrace:
	at org.apache.jasper.compiler.DefaultErrorHandler.javacError(DefaultErrorHandler.java:102)
	at org.apache.jasper.compiler.ErrorDispatcher.javacError(ErrorDispatcher.java:198)
	at org.apache.jasper.compiler.JDTCompiler.generateClass(JDTCompiler.java:457)
	at org.apache.jasper.compiler.Compiler.compile(Compiler.java:361)
	at org.apache.jasper.compiler.Compiler.compile(Compiler.java:336)
	at org.apache.jasper.compiler.Compiler.compile(Compiler.java:323)
	at org.apache.jasper.JspCompilationContext.compile(JspCompilationContext.java:585)
	at org.apache.jasper.servlet.JspServletWrapper.service(JspServletWrapper.java:363)
	at org.apache.jasper.servlet.JspServlet.serviceJspFile(JspServlet.java:396)
	at org.apache.jasper.servlet.JspServlet.service(JspServlet.java:340)
	at javax.servlet.http.HttpServlet.service(HttpServlet.java:729)
	at org.apache.catalina.core.ApplicationFilterChain.internalDoFilter(ApplicationFilterChain.java:292)
	at org.apache.catalina.core.ApplicationFilterChain.doFilter(ApplicationFilterChain.java:207)
	at org.apache.tomcat.websocket.server.WsFilter.doFilter(WsFilter.java:52)
	at org.apache.catalina.core.ApplicationFilterChain.internalDoFilter(ApplicationFilterChain.java:240)
	at org.apache.catalina.core.ApplicationFilterChain.doFilter(ApplicationFilterChain.java:207)
	at org.apache.catalina.core.StandardWrapperValve.invoke(StandardWrapperValve.java:212)
	at org.apache.catalina.core.StandardContextValve.invoke(StandardContextValve.java:106)
	at org.apache.catalina.authenticator.AuthenticatorBase.invoke(AuthenticatorBase.java:502)
	at org.apache.catalina.core.StandardHostValve.invoke(StandardHostValve.java:141)
	at org.apache.catalina.valves.ErrorReportValve.invoke(ErrorReportValve.java:79)
	at org.apache.catalina.valves.AbstractAccessLogValve.invoke(AbstractAccessLogValve.java:616)
	at org.apache.catalina.core.StandardEngineValve.invoke(StandardEngineValve.java:88)
	at org.apache.catalina.connector.CoyoteAdapter.service(CoyoteAdapter.java:522)
	at org.apache.coyote.http11.AbstractHttp11Processor.process(AbstractHttp11Processor.java:1095)
	at org.apache.coyote.AbstractProtocol$AbstractConnectionHandler.process(AbstractProtocol.java:672)
	at org.apache.tomcat.util.net.AprEndpoint$SocketProcessor.doRun(AprEndpoint.java:2500)
	at org.apache.tomcat.util.net.AprEndpoint$SocketProcessor.run(AprEndpoint.java:2489)
	at java.util.concurrent.ThreadPoolExecutor.runWorker(ThreadPoolExecutor.java:1142)
	at java.util.concurrent.ThreadPoolExecutor$Worker.run(ThreadPoolExecutor.java:617)
	at org.apache.tomcat.util.threads.TaskThread$WrappingRunnable.run(TaskThread.java:61)
	at java.lang.Thread.run(Thread.java:745)

10-May-2016 12:13:26.744 SEVERE [http-apr-8080-exec-7] org.apache.catalina.core.StandardWrapperValve.invoke Servlet.service() for servlet [jsp] in context with path [/xml] threw exception [An exception occurred processing JSP page /test_jsp_xslt.jsp at line 11

8:       // 廿TransformerFactoryン
9:       TransformerFactory tff = TransformerFactory.newInstance();
10:       // 廿Transformerン
11:       Transformer tf = tff.newTransformer(new StreamSource(xsltData));
12:       // 锣传XML
13: 	  tf.transform(new StreamSource(xmlFile),new StreamResult(out));
14: %>


Stacktrace:] with root cause
 java.io.FileNotFoundException: D:\tomcat\bin\Books.xslt (t参тぃ飓w豪僧住C)
	at java.io.FileInputStream.open0(Native Method)
	at java.io.FileInputStream.open(FileInputStream.java:195)
	at java.io.FileInputStream.<init>(FileInputStream.java:138)
	at java.io.FileInputStream.<init>(FileInputStream.java:93)
	at sun.net.www.protocol.file.FileURLConnection.connect(FileURLConnection.java:90)
	at sun.net.www.protocol.file.FileURLConnection.getInputStream(FileURLConnection.java:188)
	at com.sun.org.apache.xerces.internal.impl.XMLEntityManager.setupCurrentEntity(XMLEntityManager.java:622)
	at com.sun.org.apache.xerces.internal.impl.XMLVersionDetector.determineDocVersion(XMLVersionDetector.java:189)
	at com.sun.org.apache.xerces.internal.parsers.XML11Configuration.parse(XML11Configuration.java:812)
	at com.sun.org.apache.xerces.internal.parsers.XML11Configuration.parse(XML11Configuration.java:777)
	at com.sun.org.apache.xerces.internal.parsers.XMLParser.parse(XMLParser.java:141)
	at com.sun.org.apache.xerces.internal.parsers.AbstractSAXParser.parse(AbstractSAXParser.java:1213)
	at com.sun.org.apache.xerces.internal.jaxp.SAXParserImpl$JAXPSAXParser.parse(SAXParserImpl.java:649)
	at com.sun.org.apache.xalan.internal.xsltc.compiler.Parser.parse(Parser.java:430)
	at com.sun.org.apache.xalan.internal.xsltc.compiler.Parser.parse(Parser.java:505)
	at com.sun.org.apache.xalan.internal.xsltc.compiler.XSLTC.compile(XSLTC.java:469)
	at com.sun.org.apache.xalan.internal.xsltc.compiler.XSLTC.compile(XSLTC.java:571)
	at com.sun.org.apache.xalan.internal.xsltc.trax.TransformerFactoryImpl.newTemplates(TransformerFactoryImpl.java:977)
	at com.sun.org.apache.xalan.internal.xsltc.trax.TransformerFactoryImpl.newTransformer(TransformerFactoryImpl.java:791)
	at org.apache.jsp.test_005fjsp_005fxslt_jsp._jspService(test_005fjsp_005fxslt_jsp.java:135)
	at org.apache.jasper.runtime.HttpJspBase.service(HttpJspBase.java:70)
	at javax.servlet.http.HttpServlet.service(HttpServlet.java:729)
	at org.apache.jasper.servlet.JspServletWrapper.service(JspServletWrapper.java:438)
	at org.apache.jasper.servlet.JspServlet.serviceJspFile(JspServlet.java:396)
	at org.apache.jasper.servlet.JspServlet.service(JspServlet.java:340)
	at javax.servlet.http.HttpServlet.service(HttpServlet.java:729)
	at org.apache.catalina.core.ApplicationFilterChain.internalDoFilter(ApplicationFilterChain.java:292)
	at org.apache.catalina.core.ApplicationFilterChain.doFilter(ApplicationFilterChain.java:207)
	at org.apache.tomcat.websocket.server.WsFilter.doFilter(WsFilter.java:52)
	at org.apache.catalina.core.ApplicationFilterChain.internalDoFilter(ApplicationFilterChain.java:240)
	at org.apache.catalina.core.ApplicationFilterChain.doFilter(ApplicationFilterChain.java:207)
	at org.apache.catalina.core.StandardWrapperValve.invoke(StandardWrapperValve.java:212)
	at org.apache.catalina.core.StandardContextValve.invoke(StandardContextValve.java:106)
	at org.apache.catalina.authenticator.AuthenticatorBase.invoke(AuthenticatorBase.java:502)
	at org.apache.catalina.core.StandardHostValve.invoke(StandardHostValve.java:141)
	at org.apache.catalina.valves.ErrorReportValve.invoke(ErrorReportValve.java:79)
	at org.apache.catalina.valves.AbstractAccessLogValve.invoke(AbstractAccessLogValve.java:616)
	at org.apache.catalina.core.StandardEngineValve.invoke(StandardEngineValve.java:88)
	at org.apache.catalina.connector.CoyoteAdapter.service(CoyoteAdapter.java:522)
	at org.apache.coyote.http11.AbstractHttp11Processor.process(AbstractHttp11Processor.java:1095)
	at org.apache.coyote.AbstractProtocol$AbstractConnectionHandler.process(AbstractProtocol.java:672)
	at org.apache.tomcat.util.net.AprEndpoint$SocketProcessor.doRun(AprEndpoint.java:2500)
	at org.apache.tomcat.util.net.AprEndpoint$SocketProcessor.run(AprEndpoint.java:2489)
	at java.util.concurrent.ThreadPoolExecutor.runWorker(ThreadPoolExecutor.java:1142)
	at java.util.concurrent.ThreadPoolExecutor$Worker.run(ThreadPoolExecutor.java:617)
	at org.apache.tomcat.util.threads.TaskThread$WrappingRunnable.run(TaskThread.java:61)
	at java.lang.Thread.run(Thread.java:745)

